        -:    0:Source:/Users/ezequielpc/Desktop/Ciencias de la computacion/Primer Año/Algoritmos y Estructuras de Datos I/Labo07/test/esPrimoTEST.cpp
        -:    0:Graph:/Users/ezequielpc/Desktop/Ciencias de la computacion/Primer Año/Algoritmos y Estructuras de Datos I/Labo07/cmake-build-debug/CMakeFiles/Labo-testing.dir/test/esPrimoTEST.cpp.gcno
        -:    0:Data:/Users/ezequielpc/Desktop/Ciencias de la computacion/Primer Año/Algoritmos y Estructuras de Datos I/Labo07/cmake-build-debug/CMakeFiles/Labo-testing.dir/test/esPrimoTEST.cpp.gcda
        -:    0:Runs:1
        -:    0:Programs:1
        -:    1:#include "../src/esPrimo.h"
        -:    2:#include "../lib/gtest.h"
        -:    3:
function _ZN28EsPrimoTest_NumeroPrimo_Test8TestBodyEv called 1 returned 100% blocks executed 23%
function _ZN28EsPrimoTest_NumeroPrimo_TestD1Ev called 1 returned 100% blocks executed 100%
function _ZN28EsPrimoTest_NumeroPrimo_TestD0Ev called 1 returned 100% blocks executed 100%
function _ZN28EsPrimoTest_NumeroPrimo_TestC1Ev called 1 returned 100% blocks executed 100%
function _ZN28EsPrimoTest_NumeroPrimo_TestC2Ev called 1 returned 100% blocks executed 100%
function _ZN28EsPrimoTest_NumeroPrimo_TestD2Ev called 1 returned 100% blocks executed 100%
        4:    4:TEST(EsPrimoTest, NumeroPrimo) {
        1:    4-block  0
branch  0 taken 1
branch  1 taken 0
        1:    4-block  1
branch  2 taken 1
branch  3 taken 0
        1:    4-block  2
branch  4 taken 1
branch  5 taken 0
        1:    4-block  3
branch  6 taken 1
branch  7 taken 0
        1:    4-block  4
branch  8 taken 1
branch  9 taken 0
        1:    4-block  5
    $$$$$:    4-block  6
    $$$$$:    4-block  7
    $$$$$:    4-block  8
    $$$$$:    4-block  9
    $$$$$:    4-block 10
    $$$$$:    4-block 11
        1:    4-block 12
        1:    4-block 13
        1:    5:    int n = 7;
        1:    6:    bool result = esPrimo(n);
        1:    7:    EXPECT_TRUE(result);
        1:    7-block  0
branch  0 taken 1
branch  1 taken 0
        1:    7-block  1
branch  2 taken 0
branch  3 taken 1
        1:    7-block  2
    $$$$$:    7-block  3
branch  4 never executed
branch  5 never executed
    $$$$$:    7-block  4
branch  6 never executed
branch  7 never executed
    $$$$$:    7-block  5
branch  8 never executed
branch  9 never executed
    $$$$$:    7-block  6
branch 10 never executed
branch 11 never executed
    $$$$$:    7-block  7
    $$$$$:    7-block  8
    $$$$$:    7-block  9
    $$$$$:    7-block 10
    $$$$$:    7-block 11
    $$$$$:    7-block 12
        1:    8:}
    $$$$$:    8-block  0
    $$$$$:    8-block  1
    $$$$$:    8-block  2
        1:    8-block  3
        -:    9:
function _ZN32EsPrimoTest_NumeroCompuesto_Test8TestBodyEv called 1 returned 100% blocks executed 23%
function _ZN32EsPrimoTest_NumeroCompuesto_TestD1Ev called 1 returned 100% blocks executed 100%
function _ZN32EsPrimoTest_NumeroCompuesto_TestD0Ev called 1 returned 100% blocks executed 100%
function _ZN32EsPrimoTest_NumeroCompuesto_TestC1Ev called 1 returned 100% blocks executed 100%
function _ZN32EsPrimoTest_NumeroCompuesto_TestC2Ev called 1 returned 100% blocks executed 100%
function _ZN32EsPrimoTest_NumeroCompuesto_TestD2Ev called 1 returned 100% blocks executed 100%
        4:   10:TEST(EsPrimoTest, NumeroCompuesto) {
        1:   10-block  0
branch  0 taken 1
branch  1 taken 0
        1:   10-block  1
branch  2 taken 1
branch  3 taken 0
        1:   10-block  2
branch  4 taken 1
branch  5 taken 0
        1:   10-block  3
branch  6 taken 1
branch  7 taken 0
        1:   10-block  4
branch  8 taken 1
branch  9 taken 0
        1:   10-block  5
    $$$$$:   10-block  6
    $$$$$:   10-block  7
    $$$$$:   10-block  8
    $$$$$:   10-block  9
    $$$$$:   10-block 10
    $$$$$:   10-block 11
        1:   10-block 12
        1:   10-block 13
        1:   11:    int n = 6;
        1:   12:    bool result = esPrimo(n);
        1:   13:    EXPECT_FALSE(result);
        1:   13-block  0
branch  0 taken 1
branch  1 taken 0
        1:   13-block  1
branch  2 taken 0
branch  3 taken 1
        1:   13-block  2
    $$$$$:   13-block  3
branch  4 never executed
branch  5 never executed
    $$$$$:   13-block  4
branch  6 never executed
branch  7 never executed
    $$$$$:   13-block  5
branch  8 never executed
branch  9 never executed
    $$$$$:   13-block  6
branch 10 never executed
branch 11 never executed
    $$$$$:   13-block  7
    $$$$$:   13-block  8
    $$$$$:   13-block  9
    $$$$$:   13-block 10
    $$$$$:   13-block 11
    $$$$$:   13-block 12
        1:   14:}
    $$$$$:   14-block  0
    $$$$$:   14-block  1
    $$$$$:   14-block  2
        1:   14-block  3
        -:   15:
function _ZN26EsPrimoTest_CasoBorde_Test8TestBodyEv called 1 returned 100% blocks executed 23%
function _ZN26EsPrimoTest_CasoBorde_TestD1Ev called 1 returned 100% blocks executed 100%
function _ZN26EsPrimoTest_CasoBorde_TestD0Ev called 1 returned 100% blocks executed 100%
function _ZN26EsPrimoTest_CasoBorde_TestC1Ev called 1 returned 100% blocks executed 100%
function _ZN26EsPrimoTest_CasoBorde_TestC2Ev called 1 returned 100% blocks executed 100%
function _ZN26EsPrimoTest_CasoBorde_TestD2Ev called 1 returned 100% blocks executed 100%
        4:   16:TEST(EsPrimoTest, CasoBorde) {
        1:   16-block  0
branch  0 taken 1
branch  1 taken 0
        1:   16-block  1
branch  2 taken 1
branch  3 taken 0
        1:   16-block  2
branch  4 taken 1
branch  5 taken 0
        1:   16-block  3
branch  6 taken 1
branch  7 taken 0
        1:   16-block  4
branch  8 taken 1
branch  9 taken 0
        1:   16-block  5
    $$$$$:   16-block  6
    $$$$$:   16-block  7
    $$$$$:   16-block  8
    $$$$$:   16-block  9
    $$$$$:   16-block 10
    $$$$$:   16-block 11
        1:   16-block 12
        1:   16-block 13
        1:   17:    int n = 2;
        1:   18:    bool result = esPrimo(n);
        1:   19:    EXPECT_TRUE(result);
        1:   19-block  0
branch  0 taken 1
branch  1 taken 0
        1:   19-block  1
branch  2 taken 0
branch  3 taken 1
        1:   19-block  2
    $$$$$:   19-block  3
branch  4 never executed
branch  5 never executed
    $$$$$:   19-block  4
branch  6 never executed
branch  7 never executed
    $$$$$:   19-block  5
branch  8 never executed
branch  9 never executed
    $$$$$:   19-block  6
branch 10 never executed
branch 11 never executed
    $$$$$:   19-block  7
    $$$$$:   19-block  8
    $$$$$:   19-block  9
    $$$$$:   19-block 10
    $$$$$:   19-block 11
    $$$$$:   19-block 12
        1:   20:}
    $$$$$:   20-block  0
    $$$$$:   20-block  1
    $$$$$:   20-block  2
        1:   20-block  3
        -:   21:
function _ZN30EsPrimoTest_CasoMenorADos_Test8TestBodyEv called 1 returned 100% blocks executed 23%
function _ZN30EsPrimoTest_CasoMenorADos_TestD1Ev called 1 returned 100% blocks executed 100%
function _ZN30EsPrimoTest_CasoMenorADos_TestD0Ev called 1 returned 100% blocks executed 100%
function _ZN30EsPrimoTest_CasoMenorADos_TestC1Ev called 1 returned 100% blocks executed 100%
function _ZN30EsPrimoTest_CasoMenorADos_TestC2Ev called 1 returned 100% blocks executed 100%
function _ZN30EsPrimoTest_CasoMenorADos_TestD2Ev called 1 returned 100% blocks executed 100%
        4:   22:TEST(EsPrimoTest, CasoMenorADos) {
        1:   22-block  0
branch  0 taken 1
branch  1 taken 0
        1:   22-block  1
branch  2 taken 1
branch  3 taken 0
        1:   22-block  2
branch  4 taken 1
branch  5 taken 0
        1:   22-block  3
branch  6 taken 1
branch  7 taken 0
        1:   22-block  4
branch  8 taken 1
branch  9 taken 0
        1:   22-block  5
    $$$$$:   22-block  6
    $$$$$:   22-block  7
    $$$$$:   22-block  8
    $$$$$:   22-block  9
    $$$$$:   22-block 10
    $$$$$:   22-block 11
        1:   22-block 12
        1:   22-block 13
        1:   23:    int n = 1;
        1:   24:    bool result = esPrimo(n);
        1:   25:    EXPECT_FALSE(result);
        1:   25-block  0
branch  0 taken 1
branch  1 taken 0
        1:   25-block  1
branch  2 taken 0
branch  3 taken 1
        1:   25-block  2
    $$$$$:   25-block  3
branch  4 never executed
branch  5 never executed
    $$$$$:   25-block  4
branch  6 never executed
branch  7 never executed
    $$$$$:   25-block  5
branch  8 never executed
branch  9 never executed
    $$$$$:   25-block  6
branch 10 never executed
branch 11 never executed
    $$$$$:   25-block  7
    $$$$$:   25-block  8
    $$$$$:   25-block  9
    $$$$$:   25-block 10
    $$$$$:   25-block 11
    $$$$$:   25-block 12
        1:   26:}
    $$$$$:   26-block  0
    $$$$$:   26-block  1
    $$$$$:   26-block  2
        1:   26-block  3
