        -:    0:Source:/Users/ezequielpc/Desktop/Ciencias de la computacion/Primer Año/Algoritmos y Estructuras de Datos I/Labo07/src/esPrimo.cpp
        -:    0:Graph:/Users/ezequielpc/Desktop/Ciencias de la computacion/Primer Año/Algoritmos y Estructuras de Datos I/Labo07/cmake-build-debug/CMakeFiles/Labo-testing.dir/src/esPrimo.cpp.gcno
        -:    0:Data:/Users/ezequielpc/Desktop/Ciencias de la computacion/Primer Año/Algoritmos y Estructuras de Datos I/Labo07/cmake-build-debug/CMakeFiles/Labo-testing.dir/src/esPrimo.cpp.gcda
        -:    0:Runs:1
        -:    0:Programs:1
        -:    1:#include "esPrimo.h"
        -:    2:
function _Z7esPrimoi called 4 returned 100% blocks executed 100%
        4:    3:bool esPrimo(int n) {
        4:    4:	if (n < 2) {
        4:    4-block  0
branch  0 taken 1
branch  1 taken 3
        1:    5:		return false;
        1:    5-block  0
        -:    6:	} else {
        8:    7:		for (int i = 2; i < n; i++) {
        3:    7-block  0
        8:    7-block  1
branch  0 taken 6
branch  1 taken 2
        5:    7-block  2
        6:    8:			if (n % i == 0) {
        6:    8-block  0
branch  0 taken 1
branch  1 taken 5
        1:    9:				return false;
        1:    9-block  0
        -:   10:			}
        5:   11:		}
        5:   11-block  0
        2:   12:		return true;
        2:   12-block  0
        -:   13:	}
        4:   14:}
        4:   14-block  0
