        -:    0:Source:/Users/ezequielpc/Desktop/Ciencias de la computacion/Primer Año/Algoritmos y Estructuras de Datos I/Labo07/src/filasQueSuman.cpp
        -:    0:Graph:/Users/ezequielpc/Desktop/Ciencias de la computacion/Primer Año/Algoritmos y Estructuras de Datos I/Labo07/cmake-build-debug/CMakeFiles/Labo-testing.dir/src/filasQueSuman.cpp.gcno
        -:    0:Data:/Users/ezequielpc/Desktop/Ciencias de la computacion/Primer Año/Algoritmos y Estructuras de Datos I/Labo07/cmake-build-debug/CMakeFiles/Labo-testing.dir/src/filasQueSuman.cpp.gcda
        -:    0:Runs:1
        -:    0:Programs:1
        -:    1:#include "filasQueSuman.h"
        -:    2:
function _Z14filasQueSumanNNSt3__16vectorINS0_IiNS_9allocatorIiEEEENS1_IS3_EEEEi called 0 returned 0% blocks executed 0%
    #####:    3:vector<int> filasQueSumanN(vector<vector<int>> m, int n){
    #####:    4:    vector<int> res;
    #####:    5:    return res;
        -:    6:    // Borrar el return dummy y completar
        -:    7:
    #####:    8:}
    $$$$$:    8-block  0
branch  0 never executed
branch  1 never executed
    $$$$$:    8-block  1
    $$$$$:    8-block  2
        -:    9:
function _Z23filasDondeAlgunosSumanNNSt3__16vectorINS0_IiNS_9allocatorIiEEEENS1_IS3_EEEEi called 0 returned 0% blocks executed 0%
    #####:   10:vector<int> filasDondeAlgunosSumanN(vector<vector<int>> m, int n){
    #####:   11:    vector<int> res;
    #####:   12:    return res;
        -:   13:    // Borrar el return dummy y completar
        -:   14:
    #####:   15:}
    $$$$$:   15-block  0
branch  0 never executed
branch  1 never executed
    $$$$$:   15-block  1
    $$$$$:   15-block  2
