        -:    0:Source:/Library/Developer/CommandLineTools/SDKs/MacOSX13.1.sdk/usr/include/c++/v1/string
        -:    0:Graph:/Users/ezequielpc/Desktop/Ciencias de la computacion/Primer Año/Algoritmos y Estructuras de Datos I/Labo07/cmake-build-debug/CMakeFiles/Labo-testing.dir/test/puntajeTEST.cpp.gcno
        -:    0:Data:/Users/ezequielpc/Desktop/Ciencias de la computacion/Primer Año/Algoritmos y Estructuras de Datos I/Labo07/cmake-build-debug/CMakeFiles/Labo-testing.dir/test/puntajeTEST.cpp.gcda
        -:    0:Runs:1
        -:    0:Programs:1
        -:    1:// -*- C++ -*-
        -:    2://===--------------------------- string -----------------------------------===//
        -:    3://
        -:    4:// Part of the LLVM Project, under the Apache License v2.0 with LLVM Exceptions.
        -:    5:// See https://llvm.org/LICENSE.txt for license information.
        -:    6:// SPDX-License-Identifier: Apache-2.0 WITH LLVM-exception
        -:    7://
        -:    8://===----------------------------------------------------------------------===//
        -:    9:
        -:   10:#ifndef _LIBCPP_STRING
        -:   11:#define _LIBCPP_STRING
        -:   12:
        -:   13:/*
        -:   14:    string synopsis
        -:   15:
        -:   16:namespace std
        -:   17:{
        -:   18:
        -:   19:template <class stateT>
        -:   20:class fpos
        -:   21:{
        -:   22:private:
        -:   23:    stateT st;
        -:   24:public:
        -:   25:    fpos(streamoff = streamoff());
        -:   26:
        -:   27:    operator streamoff() const;
        -:   28:
        -:   29:    stateT state() const;
        -:   30:    void state(stateT);
        -:   31:
        -:   32:    fpos& operator+=(streamoff);
        -:   33:    fpos  operator+ (streamoff) const;
        -:   34:    fpos& operator-=(streamoff);
        -:   35:    fpos  operator- (streamoff) const;
        -:   36:};
        -:   37:
        -:   38:template <class stateT> streamoff operator-(const fpos<stateT>& x, const fpos<stateT>& y);
        -:   39:
        -:   40:template <class stateT> bool operator==(const fpos<stateT>& x, const fpos<stateT>& y);
        -:   41:template <class stateT> bool operator!=(const fpos<stateT>& x, const fpos<stateT>& y);
        -:   42:
        -:   43:template <class charT>
        -:   44:struct char_traits
        -:   45:{
        -:   46:    typedef charT     char_type;
        -:   47:    typedef ...       int_type;
        -:   48:    typedef streamoff off_type;
        -:   49:    typedef streampos pos_type;
        -:   50:    typedef mbstate_t state_type;
        -:   51:
        -:   52:    static void assign(char_type& c1, const char_type& c2) noexcept;
        -:   53:    static constexpr bool eq(char_type c1, char_type c2) noexcept;
        -:   54:    static constexpr bool lt(char_type c1, char_type c2) noexcept;
        -:   55:
        -:   56:    static int              compare(const char_type* s1, const char_type* s2, size_t n);
        -:   57:    static size_t           length(const char_type* s);
        -:   58:    static const char_type* find(const char_type* s, size_t n, const char_type& a);
        -:   59:    static char_type*       move(char_type* s1, const char_type* s2, size_t n);
        -:   60:    static char_type*       copy(char_type* s1, const char_type* s2, size_t n);
        -:   61:    static char_type*       assign(char_type* s, size_t n, char_type a);
        -:   62:
        -:   63:    static constexpr int_type  not_eof(int_type c) noexcept;
        -:   64:    static constexpr char_type to_char_type(int_type c) noexcept;
        -:   65:    static constexpr int_type  to_int_type(char_type c) noexcept;
        -:   66:    static constexpr bool      eq_int_type(int_type c1, int_type c2) noexcept;
        -:   67:    static constexpr int_type  eof() noexcept;
        -:   68:};
        -:   69:
        -:   70:template <> struct char_traits<char>;
        -:   71:template <> struct char_traits<wchar_t>;
        -:   72:template <> struct char_traits<char8_t>;  // C++20
        -:   73:template <> struct char_traits<char16_t>;
        -:   74:template <> struct char_traits<char32_t>;
        -:   75:
        -:   76:template<class charT, class traits = char_traits<charT>, class Allocator = allocator<charT> >
        -:   77:class basic_string
        -:   78:{
        -:   79:public:
        -:   80:// types:
        -:   81:    typedef traits traits_type;
        -:   82:    typedef typename traits_type::char_type value_type;
        -:   83:    typedef Allocator allocator_type;
        -:   84:    typedef typename allocator_type::size_type size_type;
        -:   85:    typedef typename allocator_type::difference_type difference_type;
        -:   86:    typedef typename allocator_type::reference reference;
        -:   87:    typedef typename allocator_type::const_reference const_reference;
        -:   88:    typedef typename allocator_type::pointer pointer;
        -:   89:    typedef typename allocator_type::const_pointer const_pointer;
        -:   90:    typedef implementation-defined iterator;
        -:   91:    typedef implementation-defined const_iterator;
        -:   92:    typedef std::reverse_iterator<iterator> reverse_iterator;
        -:   93:    typedef std::reverse_iterator<const_iterator> const_reverse_iterator;
        -:   94:
        -:   95:    static const size_type npos = -1;
        -:   96:
        -:   97:    basic_string()
        -:   98:        noexcept(is_nothrow_default_constructible<allocator_type>::value);
        -:   99:    explicit basic_string(const allocator_type& a);
        -:  100:    basic_string(const basic_string& str);
        -:  101:    basic_string(basic_string&& str)
        -:  102:        noexcept(is_nothrow_move_constructible<allocator_type>::value);
        -:  103:    basic_string(const basic_string& str, size_type pos,
        -:  104:                 const allocator_type& a = allocator_type());
        -:  105:    basic_string(const basic_string& str, size_type pos, size_type n,
        -:  106:                 const Allocator& a = Allocator());
        -:  107:    template<class T>
        -:  108:        basic_string(const T& t, size_type pos, size_type n, const Allocator& a = Allocator()); // C++17
        -:  109:    template <class T>
        -:  110:        explicit basic_string(const T& t, const Allocator& a = Allocator()); // C++17
        -:  111:    basic_string(const value_type* s, const allocator_type& a = allocator_type());
        -:  112:    basic_string(const value_type* s, size_type n, const allocator_type& a = allocator_type());
        -:  113:    basic_string(nullptr_t) = delete; // C++2b
        -:  114:    basic_string(size_type n, value_type c, const allocator_type& a = allocator_type());
        -:  115:    template<class InputIterator>
        -:  116:        basic_string(InputIterator begin, InputIterator end,
        -:  117:                     const allocator_type& a = allocator_type());
        -:  118:    basic_string(initializer_list<value_type>, const Allocator& = Allocator());
        -:  119:    basic_string(const basic_string&, const Allocator&);
        -:  120:    basic_string(basic_string&&, const Allocator&);
        -:  121:
        -:  122:    ~basic_string();
        -:  123:
        -:  124:    operator basic_string_view<charT, traits>() const noexcept;
        -:  125:
        -:  126:    basic_string& operator=(const basic_string& str);
        -:  127:    template <class T>
        -:  128:        basic_string& operator=(const T& t); // C++17
        -:  129:    basic_string& operator=(basic_string&& str)
        -:  130:        noexcept(
        -:  131:             allocator_type::propagate_on_container_move_assignment::value ||
        -:  132:             allocator_type::is_always_equal::value ); // C++17
        -:  133:    basic_string& operator=(const value_type* s);
        -:  134:    basic_string& operator=(nullptr_t) = delete; // C++2b
        -:  135:    basic_string& operator=(value_type c);
        -:  136:    basic_string& operator=(initializer_list<value_type>);
        -:  137:
        -:  138:    iterator       begin() noexcept;
        -:  139:    const_iterator begin() const noexcept;
        -:  140:    iterator       end() noexcept;
        -:  141:    const_iterator end() const noexcept;
        -:  142:
        -:  143:    reverse_iterator       rbegin() noexcept;
        -:  144:    const_reverse_iterator rbegin() const noexcept;
        -:  145:    reverse_iterator       rend() noexcept;
        -:  146:    const_reverse_iterator rend() const noexcept;
        -:  147:
        -:  148:    const_iterator         cbegin() const noexcept;
        -:  149:    const_iterator         cend() const noexcept;
        -:  150:    const_reverse_iterator crbegin() const noexcept;
        -:  151:    const_reverse_iterator crend() const noexcept;
        -:  152:
        -:  153:    size_type size() const noexcept;
        -:  154:    size_type length() const noexcept;
        -:  155:    size_type max_size() const noexcept;
        -:  156:    size_type capacity() const noexcept;
        -:  157:
        -:  158:    void resize(size_type n, value_type c);
        -:  159:    void resize(size_type n);
        -:  160:
        -:  161:    void reserve(size_type res_arg);
        -:  162:    void reserve(); // deprecated in C++20
        -:  163:    void shrink_to_fit();
        -:  164:    void clear() noexcept;
        -:  165:    bool empty() const noexcept;
        -:  166:
        -:  167:    const_reference operator[](size_type pos) const;
        -:  168:    reference       operator[](size_type pos);
        -:  169:
        -:  170:    const_reference at(size_type n) const;
        -:  171:    reference       at(size_type n);
        -:  172:
        -:  173:    basic_string& operator+=(const basic_string& str);
        -:  174:    template <class T>
        -:  175:        basic_string& operator+=(const T& t);              // C++17
        -:  176:    basic_string& operator+=(const value_type* s);
        -:  177:    basic_string& operator+=(value_type c);
        -:  178:    basic_string& operator+=(initializer_list<value_type>);
        -:  179:
        -:  180:    basic_string& append(const basic_string& str);
        -:  181:    template <class T>
        -:  182:        basic_string& append(const T& t);                 // C++17
        -:  183:    basic_string& append(const basic_string& str, size_type pos, size_type n=npos); //C++14
        -:  184:    template <class T>
        -:  185:        basic_string& append(const T& t, size_type pos, size_type n=npos); // C++17
        -:  186:    basic_string& append(const value_type* s, size_type n);
        -:  187:    basic_string& append(const value_type* s);
        -:  188:    basic_string& append(size_type n, value_type c);
        -:  189:    template<class InputIterator>
        -:  190:        basic_string& append(InputIterator first, InputIterator last);
        -:  191:    basic_string& append(initializer_list<value_type>);
        -:  192:
        -:  193:    void push_back(value_type c);
        -:  194:    void pop_back();
        -:  195:    reference       front();
        -:  196:    const_reference front() const;
        -:  197:    reference       back();
        -:  198:    const_reference back() const;
        -:  199:
        -:  200:    basic_string& assign(const basic_string& str);
        -:  201:    template <class T>
        -:  202:        basic_string& assign(const T& t);  // C++17
        -:  203:    basic_string& assign(basic_string&& str);
        -:  204:    basic_string& assign(const basic_string& str, size_type pos, size_type n=npos); // C++14
        -:  205:    template <class T>
        -:  206:        basic_string& assign(const T& t, size_type pos, size_type n=npos); // C++17
        -:  207:    basic_string& assign(const value_type* s, size_type n);
        -:  208:    basic_string& assign(const value_type* s);
        -:  209:    basic_string& assign(size_type n, value_type c);
        -:  210:    template<class InputIterator>
        -:  211:        basic_string& assign(InputIterator first, InputIterator last);
        -:  212:    basic_string& assign(initializer_list<value_type>);
        -:  213:
        -:  214:    basic_string& insert(size_type pos1, const basic_string& str);
        -:  215:    template <class T>
        -:  216:        basic_string& insert(size_type pos1, const T& t);
        -:  217:    basic_string& insert(size_type pos1, const basic_string& str,
        -:  218:                         size_type pos2, size_type n);
        -:  219:    template <class T>
        -:  220:        basic_string& insert(size_type pos1, const T& t, size_type pos2, size_type n); // C++17
        -:  221:    basic_string& insert(size_type pos, const value_type* s, size_type n=npos); //C++14
        -:  222:    basic_string& insert(size_type pos, const value_type* s);
        -:  223:    basic_string& insert(size_type pos, size_type n, value_type c);
        -:  224:    iterator      insert(const_iterator p, value_type c);
        -:  225:    iterator      insert(const_iterator p, size_type n, value_type c);
        -:  226:    template<class InputIterator>
        -:  227:        iterator insert(const_iterator p, InputIterator first, InputIterator last);
        -:  228:    iterator      insert(const_iterator p, initializer_list<value_type>);
        -:  229:
        -:  230:    basic_string& erase(size_type pos = 0, size_type n = npos);
        -:  231:    iterator      erase(const_iterator position);
        -:  232:    iterator      erase(const_iterator first, const_iterator last);
        -:  233:
        -:  234:    basic_string& replace(size_type pos1, size_type n1, const basic_string& str);
        -:  235:    template <class T>
        -:  236:    basic_string& replace(size_type pos1, size_type n1, const T& t);  // C++17
        -:  237:    basic_string& replace(size_type pos1, size_type n1, const basic_string& str,
        -:  238:                          size_type pos2, size_type n2=npos); // C++14
        -:  239:    template <class T>
        -:  240:        basic_string& replace(size_type pos1, size_type n1, const T& t,
        -:  241:                              size_type pos2, size_type n); // C++17
        -:  242:    basic_string& replace(size_type pos, size_type n1, const value_type* s, size_type n2);
        -:  243:    basic_string& replace(size_type pos, size_type n1, const value_type* s);
        -:  244:    basic_string& replace(size_type pos, size_type n1, size_type n2, value_type c);
        -:  245:    basic_string& replace(const_iterator i1, const_iterator i2, const basic_string& str);
        -:  246:    template <class T>
        -:  247:        basic_string& replace(const_iterator i1, const_iterator i2, const T& t);  // C++17
        -:  248:    basic_string& replace(const_iterator i1, const_iterator i2, const value_type* s, size_type n);
        -:  249:    basic_string& replace(const_iterator i1, const_iterator i2, const value_type* s);
        -:  250:    basic_string& replace(const_iterator i1, const_iterator i2, size_type n, value_type c);
        -:  251:    template<class InputIterator>
        -:  252:        basic_string& replace(const_iterator i1, const_iterator i2, InputIterator j1, InputIterator j2);
        -:  253:    basic_string& replace(const_iterator i1, const_iterator i2, initializer_list<value_type>);
        -:  254:
        -:  255:    size_type copy(value_type* s, size_type n, size_type pos = 0) const;
        -:  256:    basic_string substr(size_type pos = 0, size_type n = npos) const;
        -:  257:
        -:  258:    void swap(basic_string& str)
        -:  259:        noexcept(allocator_traits<allocator_type>::propagate_on_container_swap::value ||
        -:  260:                 allocator_traits<allocator_type>::is_always_equal::value);  // C++17
        -:  261:
        -:  262:    const value_type* c_str() const noexcept;
        -:  263:    const value_type* data() const noexcept;
        -:  264:          value_type* data()       noexcept;   // C++17
        -:  265:
        -:  266:    allocator_type get_allocator() const noexcept;
        -:  267:
        -:  268:    size_type find(const basic_string& str, size_type pos = 0) const noexcept;
        -:  269:    template <class T>
        -:  270:        size_type find(const T& t, size_type pos = 0) const noexcept; // C++17, noexcept as an extension
        -:  271:    size_type find(const value_type* s, size_type pos, size_type n) const noexcept;
        -:  272:    size_type find(const value_type* s, size_type pos = 0) const noexcept;
        -:  273:    size_type find(value_type c, size_type pos = 0) const noexcept;
        -:  274:
        -:  275:    size_type rfind(const basic_string& str, size_type pos = npos) const noexcept;
        -:  276:    template <class T>
        -:  277:        size_type rfind(const T& t, size_type pos = npos) const noexcept; // C++17, noexcept as an extension
        -:  278:    size_type rfind(const value_type* s, size_type pos, size_type n) const noexcept;
        -:  279:    size_type rfind(const value_type* s, size_type pos = npos) const noexcept;
        -:  280:    size_type rfind(value_type c, size_type pos = npos) const noexcept;
        -:  281:
        -:  282:    size_type find_first_of(const basic_string& str, size_type pos = 0) const noexcept;
        -:  283:    template <class T>
        -:  284:        size_type find_first_of(const T& t, size_type pos = 0) const noexcept; // C++17, noexcept as an extension
        -:  285:    size_type find_first_of(const value_type* s, size_type pos, size_type n) const noexcept;
        -:  286:    size_type find_first_of(const value_type* s, size_type pos = 0) const noexcept;
        -:  287:    size_type find_first_of(value_type c, size_type pos = 0) const noexcept;
        -:  288:
        -:  289:    size_type find_last_of(const basic_string& str, size_type pos = npos) const noexcept;
        -:  290:    template <class T>
        -:  291:        size_type find_last_of(const T& t, size_type pos = npos) const noexcept noexcept; // C++17, noexcept as an extension
        -:  292:    size_type find_last_of(const value_type* s, size_type pos, size_type n) const noexcept;
        -:  293:    size_type find_last_of(const value_type* s, size_type pos = npos) const noexcept;
        -:  294:    size_type find_last_of(value_type c, size_type pos = npos) const noexcept;
        -:  295:
        -:  296:    size_type find_first_not_of(const basic_string& str, size_type pos = 0) const noexcept;
        -:  297:    template <class T>
        -:  298:        size_type find_first_not_of(const T& t, size_type pos = 0) const noexcept; // C++17, noexcept as an extension
        -:  299:    size_type find_first_not_of(const value_type* s, size_type pos, size_type n) const noexcept;
        -:  300:    size_type find_first_not_of(const value_type* s, size_type pos = 0) const noexcept;
        -:  301:    size_type find_first_not_of(value_type c, size_type pos = 0) const noexcept;
        -:  302:
        -:  303:    size_type find_last_not_of(const basic_string& str, size_type pos = npos) const noexcept;
        -:  304:    template <class T>
        -:  305:        size_type find_last_not_of(const T& t, size_type pos = npos) const noexcept; // C++17, noexcept as an extension
        -:  306:    size_type find_last_not_of(const value_type* s, size_type pos, size_type n) const noexcept;
        -:  307:    size_type find_last_not_of(const value_type* s, size_type pos = npos) const noexcept;
        -:  308:    size_type find_last_not_of(value_type c, size_type pos = npos) const noexcept;
        -:  309:
        -:  310:    int compare(const basic_string& str) const noexcept;
        -:  311:    template <class T>
        -:  312:        int compare(const T& t) const noexcept;  // C++17, noexcept as an extension
        -:  313:    int compare(size_type pos1, size_type n1, const basic_string& str) const;
        -:  314:    template <class T>
        -:  315:        int compare(size_type pos1, size_type n1, const T& t) const;  // C++17
        -:  316:    int compare(size_type pos1, size_type n1, const basic_string& str,
        -:  317:                size_type pos2, size_type n2=npos) const; // C++14
        -:  318:    template <class T>
        -:  319:        int compare(size_type pos1, size_type n1, const T& t,
        -:  320:                    size_type pos2, size_type n2=npos) const; // C++17
        -:  321:    int compare(const value_type* s) const noexcept;
        -:  322:    int compare(size_type pos1, size_type n1, const value_type* s) const;
        -:  323:    int compare(size_type pos1, size_type n1, const value_type* s, size_type n2) const;
        -:  324:
        -:  325:    bool starts_with(basic_string_view<charT, traits> sv) const noexcept; // C++20
        -:  326:    bool starts_with(charT c) const noexcept;                             // C++20
        -:  327:    bool starts_with(const charT* s) const;                               // C++20
        -:  328:    bool ends_with(basic_string_view<charT, traits> sv) const noexcept;   // C++20
        -:  329:    bool ends_with(charT c) const noexcept;                               // C++20
        -:  330:    bool ends_with(const charT* s) const;                                 // C++20
        -:  331:
        -:  332:    constexpr bool contains(basic_string_view<charT, traits> sv) const noexcept; // C++2b
        -:  333:    constexpr bool contains(charT c) const noexcept;                             // C++2b
        -:  334:    constexpr bool contains(const charT* s) const;                               // C++2b
        -:  335:
        -:  336:    bool __invariants() const;
        -:  337:};
        -:  338:
        -:  339:template<class InputIterator,
        -:  340:         class Allocator = allocator<typename iterator_traits<InputIterator>::value_type>>
        -:  341:basic_string(InputIterator, InputIterator, Allocator = Allocator())
        -:  342:   -> basic_string<typename iterator_traits<InputIterator>::value_type,
        -:  343:                  char_traits<typename iterator_traits<InputIterator>::value_type>,
        -:  344:                  Allocator>;   // C++17
        -:  345:
        -:  346:template<class charT, class traits, class Allocator>
        -:  347:basic_string<charT, traits, Allocator>
        -:  348:operator+(const basic_string<charT, traits, Allocator>& lhs,
        -:  349:          const basic_string<charT, traits, Allocator>& rhs);
        -:  350:
        -:  351:template<class charT, class traits, class Allocator>
        -:  352:basic_string<charT, traits, Allocator>
        -:  353:operator+(const charT* lhs , const basic_string<charT,traits,Allocator>&rhs);
        -:  354:
        -:  355:template<class charT, class traits, class Allocator>
        -:  356:basic_string<charT, traits, Allocator>
        -:  357:operator+(charT lhs, const basic_string<charT,traits,Allocator>& rhs);
        -:  358:
        -:  359:template<class charT, class traits, class Allocator>
        -:  360:basic_string<charT, traits, Allocator>
        -:  361:operator+(const basic_string<charT, traits, Allocator>& lhs, const charT* rhs);
        -:  362:
        -:  363:template<class charT, class traits, class Allocator>
        -:  364:basic_string<charT, traits, Allocator>
        -:  365:operator+(const basic_string<charT, traits, Allocator>& lhs, charT rhs);
        -:  366:
        -:  367:template<class charT, class traits, class Allocator>
        -:  368:bool operator==(const basic_string<charT, traits, Allocator>& lhs,
        -:  369:                const basic_string<charT, traits, Allocator>& rhs) noexcept;
        -:  370:
        -:  371:template<class charT, class traits, class Allocator>
        -:  372:bool operator==(const charT* lhs, const basic_string<charT, traits, Allocator>& rhs) noexcept;
        -:  373:
        -:  374:template<class charT, class traits, class Allocator>
        -:  375:bool operator==(const basic_string<charT,traits,Allocator>& lhs, const charT* rhs) noexcept;
        -:  376:
        -:  377:template<class charT, class traits, class Allocator>
        -:  378:bool operator!=(const basic_string<charT,traits,Allocator>& lhs,
        -:  379:                const basic_string<charT, traits, Allocator>& rhs) noexcept;
        -:  380:
        -:  381:template<class charT, class traits, class Allocator>
        -:  382:bool operator!=(const charT* lhs, const basic_string<charT, traits, Allocator>& rhs) noexcept;
        -:  383:
        -:  384:template<class charT, class traits, class Allocator>
        -:  385:bool operator!=(const basic_string<charT, traits, Allocator>& lhs, const charT* rhs) noexcept;
        -:  386:
        -:  387:template<class charT, class traits, class Allocator>
        -:  388:bool operator< (const basic_string<charT, traits, Allocator>& lhs,
        -:  389:                const basic_string<charT, traits, Allocator>& rhs) noexcept;
        -:  390:
        -:  391:template<class charT, class traits, class Allocator>
        -:  392:bool operator< (const basic_string<charT, traits, Allocator>& lhs, const charT* rhs) noexcept;
        -:  393:
        -:  394:template<class charT, class traits, class Allocator>
        -:  395:bool operator< (const charT* lhs, const basic_string<charT, traits, Allocator>& rhs) noexcept;
        -:  396:
        -:  397:template<class charT, class traits, class Allocator>
        -:  398:bool operator> (const basic_string<charT, traits, Allocator>& lhs,
        -:  399:                const basic_string<charT, traits, Allocator>& rhs) noexcept;
        -:  400:
        -:  401:template<class charT, class traits, class Allocator>
        -:  402:bool operator> (const basic_string<charT, traits, Allocator>& lhs, const charT* rhs) noexcept;
        -:  403:
        -:  404:template<class charT, class traits, class Allocator>
        -:  405:bool operator> (const charT* lhs, const basic_string<charT, traits, Allocator>& rhs) noexcept;
        -:  406:
        -:  407:template<class charT, class traits, class Allocator>
        -:  408:bool operator<=(const basic_string<charT, traits, Allocator>& lhs,
        -:  409:                const basic_string<charT, traits, Allocator>& rhs) noexcept;
        -:  410:
        -:  411:template<class charT, class traits, class Allocator>
        -:  412:bool operator<=(const basic_string<charT, traits, Allocator>& lhs, const charT* rhs) noexcept;
        -:  413:
        -:  414:template<class charT, class traits, class Allocator>
        -:  415:bool operator<=(const charT* lhs, const basic_string<charT, traits, Allocator>& rhs) noexcept;
        -:  416:
        -:  417:template<class charT, class traits, class Allocator>
        -:  418:bool operator>=(const basic_string<charT, traits, Allocator>& lhs,
        -:  419:                const basic_string<charT, traits, Allocator>& rhs) noexcept;
        -:  420:
        -:  421:template<class charT, class traits, class Allocator>
        -:  422:bool operator>=(const basic_string<charT, traits, Allocator>& lhs, const charT* rhs) noexcept;
        -:  423:
        -:  424:template<class charT, class traits, class Allocator>
        -:  425:bool operator>=(const charT* lhs, const basic_string<charT, traits, Allocator>& rhs) noexcept;
        -:  426:
        -:  427:template<class charT, class traits, class Allocator>
        -:  428:void swap(basic_string<charT, traits, Allocator>& lhs,
        -:  429:          basic_string<charT, traits, Allocator>& rhs)
        -:  430:            noexcept(noexcept(lhs.swap(rhs)));
        -:  431:
        -:  432:template<class charT, class traits, class Allocator>
        -:  433:basic_istream<charT, traits>&
        -:  434:operator>>(basic_istream<charT, traits>& is, basic_string<charT, traits, Allocator>& str);
        -:  435:
        -:  436:template<class charT, class traits, class Allocator>
        -:  437:basic_ostream<charT, traits>&
        -:  438:operator<<(basic_ostream<charT, traits>& os, const basic_string<charT, traits, Allocator>& str);
        -:  439:
        -:  440:template<class charT, class traits, class Allocator>
        -:  441:basic_istream<charT, traits>&
        -:  442:getline(basic_istream<charT, traits>& is, basic_string<charT, traits, Allocator>& str,
        -:  443:        charT delim);
        -:  444:
        -:  445:template<class charT, class traits, class Allocator>
        -:  446:basic_istream<charT, traits>&
        -:  447:getline(basic_istream<charT, traits>& is, basic_string<charT, traits, Allocator>& str);
        -:  448:
        -:  449:template<class charT, class traits, class Allocator, class U>
        -:  450:typename basic_string<charT, traits, Allocator>::size_type
        -:  451:erase(basic_string<charT, traits, Allocator>& c, const U& value);    // C++20
        -:  452:template<class charT, class traits, class Allocator, class Predicate>
        -:  453:typename basic_string<charT, traits, Allocator>::size_type
        -:  454:erase_if(basic_string<charT, traits, Allocator>& c, Predicate pred); // C++20
        -:  455:
        -:  456:typedef basic_string<char>    string;
        -:  457:typedef basic_string<wchar_t> wstring;
        -:  458:typedef basic_string<char8_t> u8string; // C++20
        -:  459:typedef basic_string<char16_t> u16string;
        -:  460:typedef basic_string<char32_t> u32string;
        -:  461:
        -:  462:int                stoi  (const string& str, size_t* idx = nullptr, int base = 10);
        -:  463:long               stol  (const string& str, size_t* idx = nullptr, int base = 10);
        -:  464:unsigned long      stoul (const string& str, size_t* idx = nullptr, int base = 10);
        -:  465:long long          stoll (const string& str, size_t* idx = nullptr, int base = 10);
        -:  466:unsigned long long stoull(const string& str, size_t* idx = nullptr, int base = 10);
        -:  467:
        -:  468:float       stof (const string& str, size_t* idx = nullptr);
        -:  469:double      stod (const string& str, size_t* idx = nullptr);
        -:  470:long double stold(const string& str, size_t* idx = nullptr);
        -:  471:
        -:  472:string to_string(int val);
        -:  473:string to_string(unsigned val);
        -:  474:string to_string(long val);
        -:  475:string to_string(unsigned long val);
        -:  476:string to_string(long long val);
        -:  477:string to_string(unsigned long long val);
        -:  478:string to_string(float val);
        -:  479:string to_string(double val);
        -:  480:string to_string(long double val);
        -:  481:
        -:  482:int                stoi  (const wstring& str, size_t* idx = nullptr, int base = 10);
        -:  483:long               stol  (const wstring& str, size_t* idx = nullptr, int base = 10);
        -:  484:unsigned long      stoul (const wstring& str, size_t* idx = nullptr, int base = 10);
        -:  485:long long          stoll (const wstring& str, size_t* idx = nullptr, int base = 10);
        -:  486:unsigned long long stoull(const wstring& str, size_t* idx = nullptr, int base = 10);
        -:  487:
        -:  488:float       stof (const wstring& str, size_t* idx = nullptr);
        -:  489:double      stod (const wstring& str, size_t* idx = nullptr);
        -:  490:long double stold(const wstring& str, size_t* idx = nullptr);
        -:  491:
        -:  492:wstring to_wstring(int val);
        -:  493:wstring to_wstring(unsigned val);
        -:  494:wstring to_wstring(long val);
        -:  495:wstring to_wstring(unsigned long val);
        -:  496:wstring to_wstring(long long val);
        -:  497:wstring to_wstring(unsigned long long val);
        -:  498:wstring to_wstring(float val);
        -:  499:wstring to_wstring(double val);
        -:  500:wstring to_wstring(long double val);
        -:  501:
        -:  502:template <> struct hash<string>;
        -:  503:template <> struct hash<u8string>; // C++20
        -:  504:template <> struct hash<u16string>;
        -:  505:template <> struct hash<u32string>;
        -:  506:template <> struct hash<wstring>;
        -:  507:
        -:  508:basic_string<char>     operator "" s( const char *str,     size_t len ); // C++14
        -:  509:basic_string<wchar_t>  operator "" s( const wchar_t *str,  size_t len ); // C++14
        -:  510:basic_string<char8_t>  operator "" s( const char8_t *str,  size_t len ); // C++20
        -:  511:basic_string<char16_t> operator "" s( const char16_t *str, size_t len ); // C++14
        -:  512:basic_string<char32_t> operator "" s( const char32_t *str, size_t len ); // C++14
        -:  513:
        -:  514:}  // std
        -:  515:
        -:  516:*/
        -:  517:
        -:  518:#include <__config>
        -:  519:#include <__debug>
        -:  520:#include <__functional_base>
        -:  521:#include <__iterator/wrap_iter.h>
        -:  522:#include <algorithm>
        -:  523:#include <compare>
        -:  524:#include <cstdio>  // EOF
        -:  525:#include <cstdlib>
        -:  526:#include <cstring>
        -:  527:#include <initializer_list>
        -:  528:#include <iosfwd>
        -:  529:#include <iterator>
        -:  530:#include <memory>
        -:  531:#include <stdexcept>
        -:  532:#include <string_view>
        -:  533:#include <type_traits>
        -:  534:#include <utility>
        -:  535:#include <version>
        -:  536:
        -:  537:#ifndef _LIBCPP_HAS_NO_WIDE_CHARACTERS
        -:  538:#   include <cwchar>
        -:  539:#endif
        -:  540:
        -:  541:#ifndef _LIBCPP_HAS_NO_UNICODE_CHARS
        -:  542:# include <cstdint>
        -:  543:#endif
        -:  544:
        -:  545:#if !defined(_LIBCPP_HAS_NO_PRAGMA_SYSTEM_HEADER)
        -:  546:#pragma GCC system_header
        -:  547:#endif
        -:  548:
        -:  549:_LIBCPP_PUSH_MACROS
        -:  550:#include <__undef_macros>
        -:  551:
        -:  552:
        -:  553:_LIBCPP_BEGIN_NAMESPACE_STD
        -:  554:
        -:  555:// fpos
        -:  556:
        -:  557:template <class _StateT>
        -:  558:class _LIBCPP_TEMPLATE_VIS fpos
        -:  559:{
        -:  560:private:
        -:  561:    _StateT __st_;
        -:  562:    streamoff __off_;
        -:  563:public:
        -:  564:    _LIBCPP_INLINE_VISIBILITY fpos(streamoff __off = streamoff()) : __st_(), __off_(__off) {}
        -:  565:
        -:  566:    _LIBCPP_INLINE_VISIBILITY operator streamoff() const {return __off_;}
        -:  567:
        -:  568:    _LIBCPP_INLINE_VISIBILITY _StateT state() const {return __st_;}
        -:  569:    _LIBCPP_INLINE_VISIBILITY void state(_StateT __st) {__st_ = __st;}
        -:  570:
        -:  571:    _LIBCPP_INLINE_VISIBILITY fpos& operator+=(streamoff __off) {__off_ += __off; return *this;}
        -:  572:    _LIBCPP_INLINE_VISIBILITY fpos  operator+ (streamoff __off) const {fpos __t(*this); __t += __off; return __t;}
        -:  573:    _LIBCPP_INLINE_VISIBILITY fpos& operator-=(streamoff __off) {__off_ -= __off; return *this;}
        -:  574:    _LIBCPP_INLINE_VISIBILITY fpos  operator- (streamoff __off) const {fpos __t(*this); __t -= __off; return __t;}
        -:  575:};
        -:  576:
        -:  577:template <class _StateT>
        -:  578:inline _LIBCPP_INLINE_VISIBILITY
        -:  579:streamoff operator-(const fpos<_StateT>& __x, const fpos<_StateT>& __y)
        -:  580:    {return streamoff(__x) - streamoff(__y);}
        -:  581:
        -:  582:template <class _StateT>
        -:  583:inline _LIBCPP_INLINE_VISIBILITY
        -:  584:bool operator==(const fpos<_StateT>& __x, const fpos<_StateT>& __y)
        -:  585:    {return streamoff(__x) == streamoff(__y);}
        -:  586:
        -:  587:template <class _StateT>
        -:  588:inline _LIBCPP_INLINE_VISIBILITY
        -:  589:bool operator!=(const fpos<_StateT>& __x, const fpos<_StateT>& __y)
        -:  590:    {return streamoff(__x) != streamoff(__y);}
        -:  591:
        -:  592:// basic_string
        -:  593:
        -:  594:template<class _CharT, class _Traits, class _Allocator>
        -:  595:basic_string<_CharT, _Traits, _Allocator>
        -:  596:operator+(const basic_string<_CharT, _Traits, _Allocator>& __x,
        -:  597:          const basic_string<_CharT, _Traits, _Allocator>& __y);
        -:  598:
        -:  599:template<class _CharT, class _Traits, class _Allocator>
        -:  600:basic_string<_CharT, _Traits, _Allocator>
        -:  601:operator+(const _CharT* __x, const basic_string<_CharT,_Traits,_Allocator>& __y);
        -:  602:
        -:  603:template<class _CharT, class _Traits, class _Allocator>
        -:  604:basic_string<_CharT, _Traits, _Allocator>
        -:  605:operator+(_CharT __x, const basic_string<_CharT,_Traits,_Allocator>& __y);
        -:  606:
        -:  607:template<class _CharT, class _Traits, class _Allocator>
        -:  608:inline _LIBCPP_INLINE_VISIBILITY
        -:  609:basic_string<_CharT, _Traits, _Allocator>
        -:  610:operator+(const basic_string<_CharT, _Traits, _Allocator>& __x, const _CharT* __y);
        -:  611:
        -:  612:template<class _CharT, class _Traits, class _Allocator>
        -:  613:basic_string<_CharT, _Traits, _Allocator>
        -:  614:operator+(const basic_string<_CharT, _Traits, _Allocator>& __x, _CharT __y);
        -:  615:
        -:  616:_LIBCPP_EXTERN_TEMPLATE(_LIBCPP_FUNC_VIS string operator+<char, char_traits<char>, allocator<char> >(char const*, string const&))
        -:  617:
        -:  618:template <bool>
        -:  619:class _LIBCPP_TEMPLATE_VIS __basic_string_common
        -:  620:{
        -:  621:protected:
        -:  622:    _LIBCPP_NORETURN void __throw_length_error() const;
        -:  623:    _LIBCPP_NORETURN void __throw_out_of_range() const;
        -:  624:};
        -:  625:
        -:  626:template <bool __b>
        -:  627:void
        -:  628:__basic_string_common<__b>::__throw_length_error() const
        -:  629:{
        -:  630:    _VSTD::__throw_length_error("basic_string");
        -:  631:}
        -:  632:
        -:  633:template <bool __b>
        -:  634:void
        -:  635:__basic_string_common<__b>::__throw_out_of_range() const
        -:  636:{
        -:  637:    _VSTD::__throw_out_of_range("basic_string");
        -:  638:}
        -:  639:
        -:  640:_LIBCPP_EXTERN_TEMPLATE(class _LIBCPP_EXTERN_TEMPLATE_TYPE_VIS __basic_string_common<true>)
        -:  641:
        -:  642:template <class _Iter>
        -:  643:struct __string_is_trivial_iterator : public false_type {};
        -:  644:
        -:  645:template <class _Tp>
        -:  646:struct __string_is_trivial_iterator<_Tp*>
        -:  647:    : public is_arithmetic<_Tp> {};
        -:  648:
        -:  649:template <class _Iter>
        -:  650:struct __string_is_trivial_iterator<__wrap_iter<_Iter> >
        -:  651:    : public __string_is_trivial_iterator<_Iter> {};
        -:  652:
        -:  653:template <class _CharT, class _Traits, class _Tp>
        -:  654:struct __can_be_converted_to_string_view : public _BoolConstant<
        -:  655:      is_convertible<const _Tp&, basic_string_view<_CharT, _Traits> >::value &&
        -:  656:     !is_convertible<const _Tp&, const _CharT*>::value
        -:  657:    > {};
        -:  658:
        -:  659:#ifdef _LIBCPP_ABI_ALTERNATE_STRING_LAYOUT
        -:  660:
        -:  661:template <class _CharT, size_t = sizeof(_CharT)>
        -:  662:struct __padding
        -:  663:{
        -:  664:    unsigned char __xx[sizeof(_CharT)-1];
        -:  665:};
        -:  666:
        -:  667:template <class _CharT>
        -:  668:struct __padding<_CharT, 1>
        -:  669:{
        -:  670:};
        -:  671:
        -:  672:#endif // _LIBCPP_ABI_ALTERNATE_STRING_LAYOUT
        -:  673:
        -:  674:#ifndef _LIBCPP_HAS_NO_CHAR8_T
        -:  675:typedef basic_string<char8_t> u8string;
        -:  676:#endif
        -:  677:
        -:  678:#ifndef _LIBCPP_HAS_NO_UNICODE_CHARS
        -:  679:typedef basic_string<char16_t> u16string;
        -:  680:typedef basic_string<char32_t> u32string;
        -:  681:#endif // _LIBCPP_HAS_NO_UNICODE_CHARS
        -:  682:
        -:  683:template<class _CharT, class _Traits, class _Allocator>
        -:  684:class
        -:  685:    _LIBCPP_TEMPLATE_VIS
        -:  686:#ifndef _LIBCPP_HAS_NO_CHAR8_T
        -:  687:    _LIBCPP_PREFERRED_NAME(u8string)
        -:  688:#endif
        -:  689:#ifndef _LIBCPP_HAS_NO_UNICODE_CHARS
        -:  690:    _LIBCPP_PREFERRED_NAME(u16string)
        -:  691:    _LIBCPP_PREFERRED_NAME(u32string)
        -:  692:#endif
        -:  693:    basic_string
        -:  694:    : private __basic_string_common<true>
        -:  695:{
        -:  696:public:
        -:  697:    typedef basic_string                                 __self;
        -:  698:    typedef basic_string_view<_CharT, _Traits>           __self_view;
        -:  699:    typedef _Traits                                      traits_type;
        -:  700:    typedef _CharT                                       value_type;
        -:  701:    typedef _Allocator                                   allocator_type;
        -:  702:    typedef allocator_traits<allocator_type>             __alloc_traits;
        -:  703:    typedef typename __alloc_traits::size_type           size_type;
        -:  704:    typedef typename __alloc_traits::difference_type     difference_type;
        -:  705:    typedef value_type&                                  reference;
        -:  706:    typedef const value_type&                            const_reference;
        -:  707:    typedef typename __alloc_traits::pointer             pointer;
        -:  708:    typedef typename __alloc_traits::const_pointer       const_pointer;
        -:  709:
        -:  710:    static_assert((!is_array<value_type>::value), "Character type of basic_string must not be an array");
        -:  711:    static_assert(( is_standard_layout<value_type>::value), "Character type of basic_string must be standard-layout");
        -:  712:    static_assert(( is_trivial<value_type>::value), "Character type of basic_string must be trivial");
        -:  713:    static_assert(( is_same<_CharT, typename traits_type::char_type>::value),
        -:  714:                  "traits_type::char_type must be the same type as CharT");
        -:  715:    static_assert(( is_same<typename allocator_type::value_type, value_type>::value),
        -:  716:                  "Allocator::value_type must be same type as value_type");
        -:  717:
        -:  718:    typedef __wrap_iter<pointer>                         iterator;
        -:  719:    typedef __wrap_iter<const_pointer>                   const_iterator;
        -:  720:    typedef _VSTD::reverse_iterator<iterator>             reverse_iterator;
        -:  721:    typedef _VSTD::reverse_iterator<const_iterator>       const_reverse_iterator;
        -:  722:
        -:  723:private:
        -:  724:
        -:  725:#ifdef _LIBCPP_ABI_ALTERNATE_STRING_LAYOUT
        -:  726:
        -:  727:    struct __long
        -:  728:    {
        -:  729:        pointer   __data_;
        -:  730:        size_type __size_;
        -:  731:        size_type __cap_;
        -:  732:    };
        -:  733:
        -:  734:#ifdef _LIBCPP_BIG_ENDIAN
        -:  735:    static const size_type __short_mask = 0x01;
        -:  736:    static const size_type __long_mask  = 0x1ul;
        -:  737:#else  // _LIBCPP_BIG_ENDIAN
        -:  738:    static const size_type __short_mask = 0x80;
        -:  739:    static const size_type __long_mask  = ~(size_type(~0) >> 1);
        -:  740:#endif // _LIBCPP_BIG_ENDIAN
        -:  741:
        -:  742:    enum {__min_cap = (sizeof(__long) - 1)/sizeof(value_type) > 2 ?
        -:  743:                      (sizeof(__long) - 1)/sizeof(value_type) : 2};
        -:  744:
        -:  745:    struct __short
        -:  746:    {
        -:  747:        value_type __data_[__min_cap];
        -:  748:        struct
        -:  749:            : __padding<value_type>
        -:  750:        {
        -:  751:            unsigned char __size_;
        -:  752:        };
        -:  753:    };
        -:  754:
        -:  755:#else
        -:  756:
        -:  757:    struct __long
        -:  758:    {
        -:  759:        size_type __cap_;
        -:  760:        size_type __size_;
        -:  761:        pointer   __data_;
        -:  762:    };
        -:  763:
        -:  764:#ifdef _LIBCPP_BIG_ENDIAN
        -:  765:    static const size_type __short_mask = 0x80;
        -:  766:    static const size_type __long_mask  = ~(size_type(~0) >> 1);
        -:  767:#else  // _LIBCPP_BIG_ENDIAN
        -:  768:    static const size_type __short_mask = 0x01;
        -:  769:    static const size_type __long_mask  = 0x1ul;
        -:  770:#endif // _LIBCPP_BIG_ENDIAN
        -:  771:
        -:  772:    enum {__min_cap = (sizeof(__long) - 1)/sizeof(value_type) > 2 ?
        -:  773:                      (sizeof(__long) - 1)/sizeof(value_type) : 2};
        -:  774:
        -:  775:    struct __short
        -:  776:    {
        -:  777:        union
        -:  778:        {
        -:  779:            unsigned char __size_;
        -:  780:            value_type __lx;
        -:  781:        };
        -:  782:        value_type __data_[__min_cap];
        -:  783:    };
        -:  784:
        -:  785:#endif // _LIBCPP_ABI_ALTERNATE_STRING_LAYOUT
        -:  786:
        -:  787:    union __ulx{__long __lx; __short __lxx;};
        -:  788:
        -:  789:    enum {__n_words = sizeof(__ulx) / sizeof(size_type)};
        -:  790:
        -:  791:    struct __raw
        -:  792:    {
        -:  793:        size_type __words[__n_words];
        -:  794:    };
        -:  795:
        -:  796:    struct __rep
        -:  797:    {
        -:  798:        union
        -:  799:        {
        -:  800:            __long  __l;
        -:  801:            __short __s;
        -:  802:            __raw   __r;
        -:  803:        };
        -:  804:    };
        -:  805:
        -:  806:    __compressed_pair<__rep, allocator_type> __r_;
        -:  807:
        -:  808:public:
        -:  809:    _LIBCPP_TEMPLATE_DATA_VIS
        -:  810:    static const size_type npos = -1;
        -:  811:
        -:  812:    _LIBCPP_INLINE_VISIBILITY basic_string()
        -:  813:        _NOEXCEPT_(is_nothrow_default_constructible<allocator_type>::value);
        -:  814:
        -:  815:    _LIBCPP_INLINE_VISIBILITY explicit basic_string(const allocator_type& __a)
        -:  816:#if _LIBCPP_STD_VER <= 14
        -:  817:        _NOEXCEPT_(is_nothrow_copy_constructible<allocator_type>::value);
        -:  818:#else
        -:  819:        _NOEXCEPT;
        -:  820:#endif
        -:  821:
        -:  822:    basic_string(const basic_string& __str);
        -:  823:    basic_string(const basic_string& __str, const allocator_type& __a);
        -:  824:
        -:  825:#ifndef _LIBCPP_CXX03_LANG
        -:  826:    _LIBCPP_INLINE_VISIBILITY
        -:  827:    basic_string(basic_string&& __str)
        -:  828:#if _LIBCPP_STD_VER <= 14
        -:  829:        _NOEXCEPT_(is_nothrow_move_constructible<allocator_type>::value);
        -:  830:#else
        -:  831:        _NOEXCEPT;
        -:  832:#endif
        -:  833:
        -:  834:    _LIBCPP_INLINE_VISIBILITY
        -:  835:    basic_string(basic_string&& __str, const allocator_type& __a);
        -:  836:#endif // _LIBCPP_CXX03_LANG
        -:  837:
        -:  838:    template <class = _EnableIf<__is_allocator<_Allocator>::value, nullptr_t> >
        -:  839:    _LIBCPP_INLINE_VISIBILITY
function _ZNSt3__112basic_stringIcNS_11char_traitsIcEENS_9allocatorIcEEEC1IDnEEPKc called 4 returned 100% blocks executed 100%
function _ZNSt3__112basic_stringIcNS_11char_traitsIcEENS_9allocatorIcEEEC2IDnEEPKc called 4 returned 100% blocks executed 100%
        8:  840:    basic_string(const _CharT* __s) : __r_(__default_init_tag(), __default_init_tag()) {
        -:  841:      _LIBCPP_ASSERT(__s != nullptr, "basic_string(const char*) detected nullptr");
        4:  842:      __init(__s, traits_type::length(__s));
        -:  843:#   if _LIBCPP_DEBUG_LEVEL == 2
        -:  844:      __get_db()->__insert_c(this);
        -:  845:#   endif
        8:  846:    }
        4:  846-block  0
        4:  846-block  1
        -:  847:
        -:  848:    template <class = _EnableIf<__is_allocator<_Allocator>::value, nullptr_t> >
        -:  849:        _LIBCPP_INLINE_VISIBILITY
        -:  850:        basic_string(const _CharT* __s, const _Allocator& __a);
        -:  851:
        -:  852:#if _LIBCPP_STD_VER > 20
        -:  853:    basic_string(nullptr_t) = delete;
        -:  854:#endif
        -:  855:
        -:  856:    _LIBCPP_INLINE_VISIBILITY
        -:  857:    basic_string(const _CharT* __s, size_type __n);
        -:  858:    _LIBCPP_INLINE_VISIBILITY
        -:  859:    basic_string(const _CharT* __s, size_type __n, const _Allocator& __a);
        -:  860:    _LIBCPP_INLINE_VISIBILITY
        -:  861:    basic_string(size_type __n, _CharT __c);
        -:  862:
        -:  863:    template <class = _EnableIf<__is_allocator<_Allocator>::value, nullptr_t> >
        -:  864:        _LIBCPP_INLINE_VISIBILITY
        -:  865:        basic_string(size_type __n, _CharT __c, const _Allocator& __a);
        -:  866:
        -:  867:    basic_string(const basic_string& __str, size_type __pos, size_type __n,
        -:  868:                 const _Allocator& __a = _Allocator());
        -:  869:    _LIBCPP_INLINE_VISIBILITY
        -:  870:    basic_string(const basic_string& __str, size_type __pos,
        -:  871:                 const _Allocator& __a = _Allocator());
        -:  872:
        -:  873:    template<class _Tp, class = _EnableIf<__can_be_converted_to_string_view<_CharT, _Traits, _Tp>::value && !__is_same_uncvref<_Tp, basic_string>::value> >
        -:  874:        _LIBCPP_METHOD_TEMPLATE_IMPLICIT_INSTANTIATION_VIS
        -:  875:        basic_string(const _Tp& __t, size_type __pos, size_type __n,
        -:  876:                     const allocator_type& __a = allocator_type());
        -:  877:
        -:  878:    template<class _Tp, class = _EnableIf<__can_be_converted_to_string_view<_CharT, _Traits, _Tp>::value &&
        -:  879:                                          !__is_same_uncvref<_Tp, basic_string>::value> >
        -:  880:        _LIBCPP_METHOD_TEMPLATE_IMPLICIT_INSTANTIATION_VIS
        -:  881:        explicit basic_string(const _Tp& __t);
        -:  882:
        -:  883:    template<class _Tp, class = _EnableIf<__can_be_converted_to_string_view<_CharT, _Traits, _Tp>::value && !__is_same_uncvref<_Tp, basic_string>::value> >
        -:  884:        _LIBCPP_METHOD_TEMPLATE_IMPLICIT_INSTANTIATION_VIS
        -:  885:        explicit basic_string(const _Tp& __t, const allocator_type& __a);
        -:  886:
        -:  887:    template<class _InputIterator, class = _EnableIf<__is_cpp17_input_iterator<_InputIterator>::value> >
        -:  888:        _LIBCPP_INLINE_VISIBILITY
        -:  889:        basic_string(_InputIterator __first, _InputIterator __last);
        -:  890:    template<class _InputIterator, class = _EnableIf<__is_cpp17_input_iterator<_InputIterator>::value> >
        -:  891:        _LIBCPP_INLINE_VISIBILITY
        -:  892:        basic_string(_InputIterator __first, _InputIterator __last, const allocator_type& __a);
        -:  893:#ifndef _LIBCPP_CXX03_LANG
        -:  894:    _LIBCPP_INLINE_VISIBILITY
        -:  895:    basic_string(initializer_list<_CharT> __il);
        -:  896:    _LIBCPP_INLINE_VISIBILITY
        -:  897:    basic_string(initializer_list<_CharT> __il, const _Allocator& __a);
        -:  898:#endif // _LIBCPP_CXX03_LANG
        -:  899:
        -:  900:    inline ~basic_string();
        -:  901:
        -:  902:    _LIBCPP_INLINE_VISIBILITY
        -:  903:    operator __self_view() const _NOEXCEPT { return __self_view(data(), size()); }
        -:  904:
        -:  905:    basic_string& operator=(const basic_string& __str);
        -:  906:
        -:  907:    template <class _Tp, class = _EnableIf<__can_be_converted_to_string_view<_CharT, _Traits, _Tp>::value && !__is_same_uncvref<_Tp, basic_string>::value> >
        -:  908:    basic_string& operator=(const _Tp& __t)
        -:  909:        {__self_view __sv = __t; return assign(__sv);}
        -:  910:
        -:  911:#ifndef _LIBCPP_CXX03_LANG
        -:  912:    _LIBCPP_INLINE_VISIBILITY
        -:  913:    basic_string& operator=(basic_string&& __str)
        -:  914:        _NOEXCEPT_((__noexcept_move_assign_container<_Allocator, __alloc_traits>::value));
        -:  915:     _LIBCPP_INLINE_VISIBILITY
        -:  916:    basic_string& operator=(initializer_list<value_type> __il) {return assign(__il.begin(), __il.size());}
        -:  917:#endif
        -:  918:    _LIBCPP_INLINE_VISIBILITY basic_string& operator=(const value_type* __s) {return assign(__s);}
        -:  919:#if _LIBCPP_STD_VER > 20
        -:  920:    basic_string& operator=(nullptr_t) = delete;
        -:  921:#endif
        -:  922:    basic_string& operator=(value_type __c);
        -:  923:
        -:  924:#if _LIBCPP_DEBUG_LEVEL == 2
        -:  925:    _LIBCPP_INLINE_VISIBILITY
        -:  926:    iterator begin() _NOEXCEPT
        -:  927:        {return iterator(this, __get_pointer());}
        -:  928:    _LIBCPP_INLINE_VISIBILITY
        -:  929:    const_iterator begin() const _NOEXCEPT
        -:  930:        {return const_iterator(this, __get_pointer());}
        -:  931:    _LIBCPP_INLINE_VISIBILITY
        -:  932:    iterator end() _NOEXCEPT
        -:  933:        {return iterator(this, __get_pointer() + size());}
        -:  934:    _LIBCPP_INLINE_VISIBILITY
        -:  935:    const_iterator end() const _NOEXCEPT
        -:  936:        {return const_iterator(this, __get_pointer() + size());}
        -:  937:#else
        -:  938:    _LIBCPP_INLINE_VISIBILITY
        -:  939:    iterator begin() _NOEXCEPT
        -:  940:        {return iterator(__get_pointer());}
        -:  941:    _LIBCPP_INLINE_VISIBILITY
        -:  942:    const_iterator begin() const _NOEXCEPT
        -:  943:        {return const_iterator(__get_pointer());}
        -:  944:    _LIBCPP_INLINE_VISIBILITY
        -:  945:    iterator end() _NOEXCEPT
        -:  946:        {return iterator(__get_pointer() + size());}
        -:  947:    _LIBCPP_INLINE_VISIBILITY
        -:  948:    const_iterator end() const _NOEXCEPT
        -:  949:        {return const_iterator(__get_pointer() + size());}
        -:  950:#endif // _LIBCPP_DEBUG_LEVEL == 2
        -:  951:    _LIBCPP_INLINE_VISIBILITY
        -:  952:    reverse_iterator rbegin() _NOEXCEPT
        -:  953:        {return reverse_iterator(end());}
        -:  954:    _LIBCPP_INLINE_VISIBILITY
        -:  955:    const_reverse_iterator rbegin() const _NOEXCEPT
        -:  956:        {return const_reverse_iterator(end());}
        -:  957:    _LIBCPP_INLINE_VISIBILITY
        -:  958:    reverse_iterator rend() _NOEXCEPT
        -:  959:        {return reverse_iterator(begin());}
        -:  960:    _LIBCPP_INLINE_VISIBILITY
        -:  961:    const_reverse_iterator rend() const _NOEXCEPT
        -:  962:        {return const_reverse_iterator(begin());}
        -:  963:
        -:  964:    _LIBCPP_INLINE_VISIBILITY
        -:  965:    const_iterator cbegin() const _NOEXCEPT
        -:  966:        {return begin();}
        -:  967:    _LIBCPP_INLINE_VISIBILITY
        -:  968:    const_iterator cend() const _NOEXCEPT
        -:  969:        {return end();}
        -:  970:    _LIBCPP_INLINE_VISIBILITY
        -:  971:    const_reverse_iterator crbegin() const _NOEXCEPT
        -:  972:        {return rbegin();}
        -:  973:    _LIBCPP_INLINE_VISIBILITY
        -:  974:    const_reverse_iterator crend() const _NOEXCEPT
        -:  975:        {return rend();}
        -:  976:
        -:  977:    _LIBCPP_INLINE_VISIBILITY size_type size() const _NOEXCEPT
        -:  978:        {return __is_long() ? __get_long_size() : __get_short_size();}
        -:  979:    _LIBCPP_INLINE_VISIBILITY size_type length() const _NOEXCEPT {return size();}
        -:  980:    _LIBCPP_INLINE_VISIBILITY size_type max_size() const _NOEXCEPT;
        -:  981:    _LIBCPP_INLINE_VISIBILITY size_type capacity() const _NOEXCEPT
        -:  982:        {return (__is_long() ? __get_long_cap()
        -:  983:                             : static_cast<size_type>(__min_cap)) - 1;}
        -:  984:
        -:  985:    void resize(size_type __n, value_type __c);
        -:  986:    _LIBCPP_INLINE_VISIBILITY void resize(size_type __n) {resize(__n, value_type());}
        -:  987:
        -:  988:    void reserve(size_type __requested_capacity);
        -:  989:    _LIBCPP_INLINE_VISIBILITY void __resize_default_init(size_type __n);
        -:  990:
        -:  991:    _LIBCPP_DEPRECATED_IN_CXX20 _LIBCPP_INLINE_VISIBILITY
        -:  992:    void reserve() _NOEXCEPT {shrink_to_fit();}
        -:  993:    _LIBCPP_INLINE_VISIBILITY
        -:  994:    void shrink_to_fit() _NOEXCEPT;
        -:  995:    _LIBCPP_INLINE_VISIBILITY
        -:  996:    void clear() _NOEXCEPT;
        -:  997:    _LIBCPP_NODISCARD_AFTER_CXX17 _LIBCPP_INLINE_VISIBILITY
        -:  998:    bool empty() const _NOEXCEPT {return size() == 0;}
        -:  999:
        -: 1000:    _LIBCPP_INLINE_VISIBILITY const_reference operator[](size_type __pos) const _NOEXCEPT;
        -: 1001:    _LIBCPP_INLINE_VISIBILITY reference       operator[](size_type __pos)       _NOEXCEPT;
        -: 1002:
        -: 1003:    const_reference at(size_type __n) const;
        -: 1004:    reference       at(size_type __n);
        -: 1005:
        -: 1006:    _LIBCPP_INLINE_VISIBILITY basic_string& operator+=(const basic_string& __str) {return append(__str);}
        -: 1007:
        -: 1008:    template <class _Tp>
        -: 1009:    _LIBCPP_METHOD_TEMPLATE_IMPLICIT_INSTANTIATION_VIS
        -: 1010:    _EnableIf
        -: 1011:        <
        -: 1012:            __can_be_converted_to_string_view<_CharT, _Traits, _Tp>::value
        -: 1013:            && !__is_same_uncvref<_Tp, basic_string >::value,
        -: 1014:            basic_string&
        -: 1015:        >
        -: 1016:                                            operator+=(const _Tp& __t)            {__self_view __sv = __t; return append(__sv);}
        -: 1017:    _LIBCPP_INLINE_VISIBILITY basic_string& operator+=(const value_type* __s)     {return append(__s);}
        -: 1018:    _LIBCPP_INLINE_VISIBILITY basic_string& operator+=(value_type __c)            {push_back(__c); return *this;}
        -: 1019:#ifndef _LIBCPP_CXX03_LANG
        -: 1020:    _LIBCPP_INLINE_VISIBILITY basic_string& operator+=(initializer_list<value_type> __il) {return append(__il);}
        -: 1021:#endif // _LIBCPP_CXX03_LANG
        -: 1022:
        -: 1023:    _LIBCPP_INLINE_VISIBILITY
        -: 1024:    basic_string& append(const basic_string& __str);
        -: 1025:
        -: 1026:    template <class _Tp>
        -: 1027:    _LIBCPP_METHOD_TEMPLATE_IMPLICIT_INSTANTIATION_VIS
        -: 1028:    _EnableIf<
        -: 1029:            __can_be_converted_to_string_view<_CharT, _Traits, _Tp>::value
        -: 1030:            && !__is_same_uncvref<_Tp, basic_string>::value,
        -: 1031:            basic_string&
        -: 1032:        >
        -: 1033:                  append(const _Tp& __t) { __self_view __sv = __t; return append(__sv.data(), __sv.size()); }
        -: 1034:    basic_string& append(const basic_string& __str, size_type __pos, size_type __n=npos);
        -: 1035:
        -: 1036:    template <class _Tp>
        -: 1037:    _LIBCPP_METHOD_TEMPLATE_IMPLICIT_INSTANTIATION_VIS
        -: 1038:    _EnableIf
        -: 1039:        <
        -: 1040:            __can_be_converted_to_string_view<_CharT, _Traits, _Tp>::value
        -: 1041:            && !__is_same_uncvref<_Tp, basic_string>::value,
        -: 1042:            basic_string&
        -: 1043:        >
        -: 1044:                  append(const _Tp& __t, size_type __pos, size_type __n=npos);
        -: 1045:    basic_string& append(const value_type* __s, size_type __n);
        -: 1046:    basic_string& append(const value_type* __s);
        -: 1047:    basic_string& append(size_type __n, value_type __c);
        -: 1048:
        -: 1049:    _LIBCPP_INLINE_VISIBILITY
        -: 1050:    void __append_default_init(size_type __n);
        -: 1051:
        -: 1052:    template<class _InputIterator>
        -: 1053:    _LIBCPP_METHOD_TEMPLATE_IMPLICIT_INSTANTIATION_VIS
        -: 1054:    _EnableIf
        -: 1055:        <
        -: 1056:            __is_exactly_cpp17_input_iterator<_InputIterator>::value,
        -: 1057:            basic_string&
        -: 1058:        >
        -: 1059:    _LIBCPP_INLINE_VISIBILITY
        -: 1060:    append(_InputIterator __first, _InputIterator __last) {
        -: 1061:      const basic_string __temp(__first, __last, __alloc());
        -: 1062:      append(__temp.data(), __temp.size());
        -: 1063:      return *this;
        -: 1064:    }
        -: 1065:    template<class _ForwardIterator>
        -: 1066:    _LIBCPP_METHOD_TEMPLATE_IMPLICIT_INSTANTIATION_VIS
        -: 1067:    _EnableIf
        -: 1068:        <
        -: 1069:            __is_cpp17_forward_iterator<_ForwardIterator>::value,
        -: 1070:            basic_string&
        -: 1071:        >
        -: 1072:    _LIBCPP_INLINE_VISIBILITY
        -: 1073:    append(_ForwardIterator __first, _ForwardIterator __last);
        -: 1074:
        -: 1075:#ifndef _LIBCPP_CXX03_LANG
        -: 1076:    _LIBCPP_INLINE_VISIBILITY
        -: 1077:    basic_string& append(initializer_list<value_type> __il) {return append(__il.begin(), __il.size());}
        -: 1078:#endif // _LIBCPP_CXX03_LANG
        -: 1079:
        -: 1080:    void push_back(value_type __c);
        -: 1081:    _LIBCPP_INLINE_VISIBILITY
        -: 1082:    void pop_back();
        -: 1083:    _LIBCPP_INLINE_VISIBILITY reference       front() _NOEXCEPT;
        -: 1084:    _LIBCPP_INLINE_VISIBILITY const_reference front() const _NOEXCEPT;
        -: 1085:    _LIBCPP_INLINE_VISIBILITY reference       back() _NOEXCEPT;
        -: 1086:    _LIBCPP_INLINE_VISIBILITY const_reference back() const _NOEXCEPT;
        -: 1087:
        -: 1088:    template <class _Tp>
        -: 1089:    _LIBCPP_METHOD_TEMPLATE_IMPLICIT_INSTANTIATION_VIS
        -: 1090:    _EnableIf
        -: 1091:        <
        -: 1092:            __can_be_converted_to_string_view<_CharT, _Traits, _Tp>::value,
        -: 1093:            basic_string&
        -: 1094:        >
        -: 1095:                 assign(const _Tp & __t) { __self_view __sv = __t; return assign(__sv.data(), __sv.size()); }
        -: 1096:    _LIBCPP_INLINE_VISIBILITY
        -: 1097:    basic_string& assign(const basic_string& __str) { return *this = __str; }
        -: 1098:#ifndef _LIBCPP_CXX03_LANG
        -: 1099:    _LIBCPP_INLINE_VISIBILITY
        -: 1100:    basic_string& assign(basic_string&& __str)
        -: 1101:        _NOEXCEPT_((__noexcept_move_assign_container<_Allocator, __alloc_traits>::value))
        -: 1102:        {*this = _VSTD::move(__str); return *this;}
        -: 1103:#endif
        -: 1104:    basic_string& assign(const basic_string& __str, size_type __pos, size_type __n=npos);
        -: 1105:    template <class _Tp>
        -: 1106:    _LIBCPP_METHOD_TEMPLATE_IMPLICIT_INSTANTIATION_VIS
        -: 1107:    _EnableIf
        -: 1108:        <
        -: 1109:            __can_be_converted_to_string_view<_CharT, _Traits, _Tp>::value
        -: 1110:            && !__is_same_uncvref<_Tp, basic_string>::value,
        -: 1111:            basic_string&
        -: 1112:        >
        -: 1113:                  assign(const _Tp & __t, size_type __pos, size_type __n=npos);
        -: 1114:    basic_string& assign(const value_type* __s, size_type __n);
        -: 1115:    basic_string& assign(const value_type* __s);
        -: 1116:    basic_string& assign(size_type __n, value_type __c);
        -: 1117:    template<class _InputIterator>
        -: 1118:    _LIBCPP_METHOD_TEMPLATE_IMPLICIT_INSTANTIATION_VIS
        -: 1119:    _EnableIf
        -: 1120:        <
        -: 1121:            __is_exactly_cpp17_input_iterator<_InputIterator>::value,
        -: 1122:            basic_string&
        -: 1123:        >
        -: 1124:        assign(_InputIterator __first, _InputIterator __last);
        -: 1125:    template<class _ForwardIterator>
        -: 1126:    _LIBCPP_METHOD_TEMPLATE_IMPLICIT_INSTANTIATION_VIS
        -: 1127:    _EnableIf
        -: 1128:        <
        -: 1129:            __is_cpp17_forward_iterator<_ForwardIterator>::value,
        -: 1130:            basic_string&
        -: 1131:        >
        -: 1132:        assign(_ForwardIterator __first, _ForwardIterator __last);
        -: 1133:#ifndef _LIBCPP_CXX03_LANG
        -: 1134:    _LIBCPP_INLINE_VISIBILITY
        -: 1135:    basic_string& assign(initializer_list<value_type> __il) {return assign(__il.begin(), __il.size());}
        -: 1136:#endif // _LIBCPP_CXX03_LANG
        -: 1137:
        -: 1138:    _LIBCPP_INLINE_VISIBILITY
        -: 1139:    basic_string& insert(size_type __pos1, const basic_string& __str);
        -: 1140:
        -: 1141:    template <class _Tp>
        -: 1142:    _LIBCPP_METHOD_TEMPLATE_IMPLICIT_INSTANTIATION_VIS
        -: 1143:    _EnableIf
        -: 1144:        <
        -: 1145:            __can_be_converted_to_string_view<_CharT, _Traits, _Tp>::value,
        -: 1146:            basic_string&
        -: 1147:        >
        -: 1148:                 insert(size_type __pos1, const _Tp& __t)
        -: 1149:    { __self_view __sv = __t; return insert(__pos1, __sv.data(), __sv.size()); }
        -: 1150:
        -: 1151:    template <class _Tp>
        -: 1152:    _LIBCPP_METHOD_TEMPLATE_IMPLICIT_INSTANTIATION_VIS
        -: 1153:    _EnableIf
        -: 1154:        <
        -: 1155:            __can_be_converted_to_string_view<_CharT, _Traits, _Tp>::value && !__is_same_uncvref<_Tp, basic_string>::value,
        -: 1156:            basic_string&
        -: 1157:        >
        -: 1158:                  insert(size_type __pos1, const _Tp& __t, size_type __pos2, size_type __n=npos);
        -: 1159:    basic_string& insert(size_type __pos1, const basic_string& __str, size_type __pos2, size_type __n=npos);
        -: 1160:    basic_string& insert(size_type __pos, const value_type* __s, size_type __n);
        -: 1161:    basic_string& insert(size_type __pos, const value_type* __s);
        -: 1162:    basic_string& insert(size_type __pos, size_type __n, value_type __c);
        -: 1163:    iterator      insert(const_iterator __pos, value_type __c);
        -: 1164:    _LIBCPP_INLINE_VISIBILITY
        -: 1165:    iterator      insert(const_iterator __pos, size_type __n, value_type __c);
        -: 1166:    template<class _InputIterator>
        -: 1167:    _LIBCPP_METHOD_TEMPLATE_IMPLICIT_INSTANTIATION_VIS
        -: 1168:    _EnableIf
        -: 1169:        <
        -: 1170:            __is_exactly_cpp17_input_iterator<_InputIterator>::value,
        -: 1171:            iterator
        -: 1172:        >
        -: 1173:        insert(const_iterator __pos, _InputIterator __first, _InputIterator __last);
        -: 1174:    template<class _ForwardIterator>
        -: 1175:    _LIBCPP_METHOD_TEMPLATE_IMPLICIT_INSTANTIATION_VIS
        -: 1176:    _EnableIf
        -: 1177:        <
        -: 1178:            __is_cpp17_forward_iterator<_ForwardIterator>::value,
        -: 1179:            iterator
        -: 1180:        >
        -: 1181:        insert(const_iterator __pos, _ForwardIterator __first, _ForwardIterator __last);
        -: 1182:#ifndef _LIBCPP_CXX03_LANG
        -: 1183:    _LIBCPP_INLINE_VISIBILITY
        -: 1184:    iterator insert(const_iterator __pos, initializer_list<value_type> __il)
        -: 1185:                    {return insert(__pos, __il.begin(), __il.end());}
        -: 1186:#endif // _LIBCPP_CXX03_LANG
        -: 1187:
        -: 1188:    basic_string& erase(size_type __pos = 0, size_type __n = npos);
        -: 1189:    _LIBCPP_INLINE_VISIBILITY
        -: 1190:    iterator      erase(const_iterator __pos);
        -: 1191:    _LIBCPP_INLINE_VISIBILITY
        -: 1192:    iterator      erase(const_iterator __first, const_iterator __last);
        -: 1193:
        -: 1194:    _LIBCPP_INLINE_VISIBILITY
        -: 1195:    basic_string& replace(size_type __pos1, size_type __n1, const basic_string& __str);
        -: 1196:
        -: 1197:    template <class _Tp>
        -: 1198:    _LIBCPP_METHOD_TEMPLATE_IMPLICIT_INSTANTIATION_VIS
        -: 1199:    _EnableIf
        -: 1200:        <
        -: 1201:            __can_be_converted_to_string_view<_CharT, _Traits, _Tp>::value,
        -: 1202:            basic_string&
        -: 1203:        >
        -: 1204:                  replace(size_type __pos1, size_type __n1, const _Tp& __t) { __self_view __sv = __t; return replace(__pos1, __n1, __sv.data(), __sv.size()); }
        -: 1205:    basic_string& replace(size_type __pos1, size_type __n1, const basic_string& __str, size_type __pos2, size_type __n2=npos);
        -: 1206:    template <class _Tp>
        -: 1207:    _LIBCPP_METHOD_TEMPLATE_IMPLICIT_INSTANTIATION_VIS
        -: 1208:    _EnableIf
        -: 1209:        <
        -: 1210:            __can_be_converted_to_string_view<_CharT, _Traits, _Tp>::value  && !__is_same_uncvref<_Tp, basic_string>::value,
        -: 1211:            basic_string&
        -: 1212:        >
        -: 1213:                  replace(size_type __pos1, size_type __n1, const _Tp& __t, size_type __pos2, size_type __n2=npos);
        -: 1214:    basic_string& replace(size_type __pos, size_type __n1, const value_type* __s, size_type __n2);
        -: 1215:    basic_string& replace(size_type __pos, size_type __n1, const value_type* __s);
        -: 1216:    basic_string& replace(size_type __pos, size_type __n1, size_type __n2, value_type __c);
        -: 1217:    _LIBCPP_INLINE_VISIBILITY
        -: 1218:    basic_string& replace(const_iterator __i1, const_iterator __i2, const basic_string& __str);
        -: 1219:
        -: 1220:    template <class _Tp>
        -: 1221:    _LIBCPP_METHOD_TEMPLATE_IMPLICIT_INSTANTIATION_VIS
        -: 1222:    _EnableIf
        -: 1223:        <
        -: 1224:            __can_be_converted_to_string_view<_CharT, _Traits, _Tp>::value,
        -: 1225:            basic_string&
        -: 1226:        >
        -: 1227:                  replace(const_iterator __i1, const_iterator __i2, const _Tp& __t) { __self_view __sv = __t; return replace(__i1 - begin(), __i2 - __i1, __sv); }
        -: 1228:
        -: 1229:    _LIBCPP_INLINE_VISIBILITY
        -: 1230:    basic_string& replace(const_iterator __i1, const_iterator __i2, const value_type* __s, size_type __n);
        -: 1231:    _LIBCPP_INLINE_VISIBILITY
        -: 1232:    basic_string& replace(const_iterator __i1, const_iterator __i2, const value_type* __s);
        -: 1233:    _LIBCPP_INLINE_VISIBILITY
        -: 1234:    basic_string& replace(const_iterator __i1, const_iterator __i2, size_type __n, value_type __c);
        -: 1235:    template<class _InputIterator>
        -: 1236:    _LIBCPP_METHOD_TEMPLATE_IMPLICIT_INSTANTIATION_VIS
        -: 1237:    _EnableIf
        -: 1238:        <
        -: 1239:            __is_cpp17_input_iterator<_InputIterator>::value,
        -: 1240:            basic_string&
        -: 1241:        >
        -: 1242:        replace(const_iterator __i1, const_iterator __i2, _InputIterator __j1, _InputIterator __j2);
        -: 1243:#ifndef _LIBCPP_CXX03_LANG
        -: 1244:    _LIBCPP_INLINE_VISIBILITY
        -: 1245:    basic_string& replace(const_iterator __i1, const_iterator __i2, initializer_list<value_type> __il)
        -: 1246:        {return replace(__i1, __i2, __il.begin(), __il.end());}
        -: 1247:#endif // _LIBCPP_CXX03_LANG
        -: 1248:
        -: 1249:    size_type copy(value_type* __s, size_type __n, size_type __pos = 0) const;
        -: 1250:    _LIBCPP_INLINE_VISIBILITY
        -: 1251:    basic_string substr(size_type __pos = 0, size_type __n = npos) const;
        -: 1252:
        -: 1253:    _LIBCPP_INLINE_VISIBILITY
        -: 1254:    void swap(basic_string& __str)
        -: 1255:#if _LIBCPP_STD_VER >= 14
        -: 1256:        _NOEXCEPT;
        -: 1257:#else
        -: 1258:        _NOEXCEPT_(!__alloc_traits::propagate_on_container_swap::value ||
        -: 1259:                    __is_nothrow_swappable<allocator_type>::value);
        -: 1260:#endif
        -: 1261:
        -: 1262:    _LIBCPP_INLINE_VISIBILITY
function _ZNKSt3__112basic_stringIcNS_11char_traitsIcEENS_9allocatorIcEEE5c_strEv called 0 returned 0% blocks executed 0%
    #####: 1263:    const value_type* c_str() const _NOEXCEPT {return data();}
    $$$$$: 1263-block  0
        -: 1264:    _LIBCPP_INLINE_VISIBILITY
function _ZNKSt3__112basic_stringIcNS_11char_traitsIcEENS_9allocatorIcEEE4dataEv called 0 returned 0% blocks executed 0%
    #####: 1265:    const value_type* data() const _NOEXCEPT  {return _VSTD::__to_address(__get_pointer());}
    $$$$$: 1265-block  0
        -: 1266:#if _LIBCPP_STD_VER > 14 || defined(_LIBCPP_BUILDING_LIBRARY)
        -: 1267:    _LIBCPP_INLINE_VISIBILITY
        -: 1268:    value_type* data()             _NOEXCEPT  {return _VSTD::__to_address(__get_pointer());}
        -: 1269:#endif
        -: 1270:
        -: 1271:    _LIBCPP_INLINE_VISIBILITY
        -: 1272:    allocator_type get_allocator() const _NOEXCEPT {return __alloc();}
        -: 1273:
        -: 1274:    _LIBCPP_INLINE_VISIBILITY
        -: 1275:    size_type find(const basic_string& __str, size_type __pos = 0) const _NOEXCEPT;
        -: 1276:
        -: 1277:    template <class _Tp>
        -: 1278:    _LIBCPP_METHOD_TEMPLATE_IMPLICIT_INSTANTIATION_VIS
        -: 1279:    _EnableIf
        -: 1280:        <
        -: 1281:            __can_be_converted_to_string_view<_CharT, _Traits, _Tp>::value,
        -: 1282:            size_type
        -: 1283:        >
        -: 1284:              find(const _Tp& __t, size_type __pos = 0) const _NOEXCEPT;
        -: 1285:    size_type find(const value_type* __s, size_type __pos, size_type __n) const _NOEXCEPT;
        -: 1286:    _LIBCPP_INLINE_VISIBILITY
        -: 1287:    size_type find(const value_type* __s, size_type __pos = 0) const _NOEXCEPT;
        -: 1288:    size_type find(value_type __c, size_type __pos = 0) const _NOEXCEPT;
        -: 1289:
        -: 1290:    _LIBCPP_INLINE_VISIBILITY
        -: 1291:    size_type rfind(const basic_string& __str, size_type __pos = npos) const _NOEXCEPT;
        -: 1292:
        -: 1293:    template <class _Tp>
        -: 1294:    _LIBCPP_METHOD_TEMPLATE_IMPLICIT_INSTANTIATION_VIS
        -: 1295:    _EnableIf
        -: 1296:        <
        -: 1297:            __can_be_converted_to_string_view<_CharT, _Traits, _Tp>::value,
        -: 1298:            size_type
        -: 1299:        >
        -: 1300:              rfind(const _Tp& __t, size_type __pos = npos) const _NOEXCEPT;
        -: 1301:    size_type rfind(const value_type* __s, size_type __pos, size_type __n) const _NOEXCEPT;
        -: 1302:    _LIBCPP_INLINE_VISIBILITY
        -: 1303:    size_type rfind(const value_type* __s, size_type __pos = npos) const _NOEXCEPT;
        -: 1304:    size_type rfind(value_type __c, size_type __pos = npos) const _NOEXCEPT;
        -: 1305:
        -: 1306:    _LIBCPP_INLINE_VISIBILITY
        -: 1307:    size_type find_first_of(const basic_string& __str, size_type __pos = 0) const _NOEXCEPT;
        -: 1308:
        -: 1309:    template <class _Tp>
        -: 1310:    _LIBCPP_METHOD_TEMPLATE_IMPLICIT_INSTANTIATION_VIS
        -: 1311:    _EnableIf
        -: 1312:        <
        -: 1313:            __can_be_converted_to_string_view<_CharT, _Traits, _Tp>::value,
        -: 1314:            size_type
        -: 1315:        >
        -: 1316:              find_first_of(const _Tp& __t, size_type __pos = 0) const _NOEXCEPT;
        -: 1317:    size_type find_first_of(const value_type* __s, size_type __pos, size_type __n) const _NOEXCEPT;
        -: 1318:    _LIBCPP_INLINE_VISIBILITY
        -: 1319:    size_type find_first_of(const value_type* __s, size_type __pos = 0) const _NOEXCEPT;
        -: 1320:    _LIBCPP_INLINE_VISIBILITY
        -: 1321:    size_type find_first_of(value_type __c, size_type __pos = 0) const _NOEXCEPT;
        -: 1322:
        -: 1323:    _LIBCPP_INLINE_VISIBILITY
        -: 1324:    size_type find_last_of(const basic_string& __str, size_type __pos = npos) const _NOEXCEPT;
        -: 1325:
        -: 1326:    template <class _Tp>
        -: 1327:    _LIBCPP_METHOD_TEMPLATE_IMPLICIT_INSTANTIATION_VIS
        -: 1328:    _EnableIf
        -: 1329:        <
        -: 1330:            __can_be_converted_to_string_view<_CharT, _Traits, _Tp>::value,
        -: 1331:            size_type
        -: 1332:        >
        -: 1333:              find_last_of(const _Tp& __t, size_type __pos = npos) const _NOEXCEPT;
        -: 1334:    size_type find_last_of(const value_type* __s, size_type __pos, size_type __n) const _NOEXCEPT;
        -: 1335:    _LIBCPP_INLINE_VISIBILITY
        -: 1336:    size_type find_last_of(const value_type* __s, size_type __pos = npos) const _NOEXCEPT;
        -: 1337:    _LIBCPP_INLINE_VISIBILITY
        -: 1338:    size_type find_last_of(value_type __c, size_type __pos = npos) const _NOEXCEPT;
        -: 1339:
        -: 1340:    _LIBCPP_INLINE_VISIBILITY
        -: 1341:    size_type find_first_not_of(const basic_string& __str, size_type __pos = 0) const _NOEXCEPT;
        -: 1342:
        -: 1343:    template <class _Tp>
        -: 1344:    _LIBCPP_METHOD_TEMPLATE_IMPLICIT_INSTANTIATION_VIS
        -: 1345:    _EnableIf
        -: 1346:        <
        -: 1347:            __can_be_converted_to_string_view<_CharT, _Traits, _Tp>::value,
        -: 1348:            size_type
        -: 1349:        >
        -: 1350:              find_first_not_of(const _Tp &__t, size_type __pos = 0) const _NOEXCEPT;
        -: 1351:    size_type find_first_not_of(const value_type* __s, size_type __pos, size_type __n) const _NOEXCEPT;
        -: 1352:    _LIBCPP_INLINE_VISIBILITY
        -: 1353:    size_type find_first_not_of(const value_type* __s, size_type __pos = 0) const _NOEXCEPT;
        -: 1354:    _LIBCPP_INLINE_VISIBILITY
        -: 1355:    size_type find_first_not_of(value_type __c, size_type __pos = 0) const _NOEXCEPT;
        -: 1356:
        -: 1357:    _LIBCPP_INLINE_VISIBILITY
        -: 1358:    size_type find_last_not_of(const basic_string& __str, size_type __pos = npos) const _NOEXCEPT;
        -: 1359:
        -: 1360:    template <class _Tp>
        -: 1361:    _LIBCPP_METHOD_TEMPLATE_IMPLICIT_INSTANTIATION_VIS
        -: 1362:    _EnableIf
        -: 1363:        <
        -: 1364:            __can_be_converted_to_string_view<_CharT, _Traits, _Tp>::value,
        -: 1365:            size_type
        -: 1366:        >
[...]
        -: 4228:{
        -: 4229:    return !(__rhs < __lhs);
        -: 4230:}
        -: 4231:
        -: 4232:template<class _CharT, class _Traits, class _Allocator>
        -: 4233:inline _LIBCPP_INLINE_VISIBILITY
        -: 4234:bool
        -: 4235:operator<=(const _CharT* __lhs,
        -: 4236:           const basic_string<_CharT, _Traits, _Allocator>& __rhs) _NOEXCEPT
        -: 4237:{
        -: 4238:    return !(__rhs < __lhs);
        -: 4239:}
        -: 4240:
        -: 4241:// operator>=
        -: 4242:
        -: 4243:template<class _CharT, class _Traits, class _Allocator>
        -: 4244:inline _LIBCPP_INLINE_VISIBILITY
        -: 4245:bool
        -: 4246:operator>=(const basic_string<_CharT, _Traits, _Allocator>& __lhs,
        -: 4247:           const basic_string<_CharT, _Traits, _Allocator>& __rhs) _NOEXCEPT
        -: 4248:{
        -: 4249:    return !(__lhs < __rhs);
        -: 4250:}
        -: 4251:
        -: 4252:template<class _CharT, class _Traits, class _Allocator>
        -: 4253:inline _LIBCPP_INLINE_VISIBILITY
        -: 4254:bool
        -: 4255:operator>=(const basic_string<_CharT, _Traits, _Allocator>& __lhs,
        -: 4256:           const _CharT* __rhs) _NOEXCEPT
        -: 4257:{
        -: 4258:    return !(__lhs < __rhs);
        -: 4259:}
        -: 4260:
        -: 4261:template<class _CharT, class _Traits, class _Allocator>
        -: 4262:inline _LIBCPP_INLINE_VISIBILITY
        -: 4263:bool
        -: 4264:operator>=(const _CharT* __lhs,
        -: 4265:           const basic_string<_CharT, _Traits, _Allocator>& __rhs) _NOEXCEPT
        -: 4266:{
        -: 4267:    return !(__lhs < __rhs);
        -: 4268:}
        -: 4269:
        -: 4270:// operator +
        -: 4271:
        -: 4272:template<class _CharT, class _Traits, class _Allocator>
        -: 4273:basic_string<_CharT, _Traits, _Allocator>
        -: 4274:operator+(const basic_string<_CharT, _Traits, _Allocator>& __lhs,
        -: 4275:          const basic_string<_CharT, _Traits, _Allocator>& __rhs)
        -: 4276:{
        -: 4277:    basic_string<_CharT, _Traits, _Allocator> __r(__lhs.get_allocator());
        -: 4278:    typename basic_string<_CharT, _Traits, _Allocator>::size_type __lhs_sz = __lhs.size();
        -: 4279:    typename basic_string<_CharT, _Traits, _Allocator>::size_type __rhs_sz = __rhs.size();
        -: 4280:    __r.__init(__lhs.data(), __lhs_sz, __lhs_sz + __rhs_sz);
        -: 4281:    __r.append(__rhs.data(), __rhs_sz);
        -: 4282:    return __r;
        -: 4283:}
        -: 4284:
        -: 4285:template<class _CharT, class _Traits, class _Allocator>
        -: 4286:basic_string<_CharT, _Traits, _Allocator>
        -: 4287:operator+(const _CharT* __lhs , const basic_string<_CharT,_Traits,_Allocator>& __rhs)
        -: 4288:{
        -: 4289:    basic_string<_CharT, _Traits, _Allocator> __r(__rhs.get_allocator());
        -: 4290:    typename basic_string<_CharT, _Traits, _Allocator>::size_type __lhs_sz = _Traits::length(__lhs);
        -: 4291:    typename basic_string<_CharT, _Traits, _Allocator>::size_type __rhs_sz = __rhs.size();
        -: 4292:    __r.__init(__lhs, __lhs_sz, __lhs_sz + __rhs_sz);
        -: 4293:    __r.append(__rhs.data(), __rhs_sz);
        -: 4294:    return __r;
        -: 4295:}
        -: 4296:
        -: 4297:template<class _CharT, class _Traits, class _Allocator>
        -: 4298:basic_string<_CharT, _Traits, _Allocator>
        -: 4299:operator+(_CharT __lhs, const basic_string<_CharT,_Traits,_Allocator>& __rhs)
        -: 4300:{
        -: 4301:    basic_string<_CharT, _Traits, _Allocator> __r(__rhs.get_allocator());
        -: 4302:    typename basic_string<_CharT, _Traits, _Allocator>::size_type __rhs_sz = __rhs.size();
        -: 4303:    __r.__init(&__lhs, 1, 1 + __rhs_sz);
        -: 4304:    __r.append(__rhs.data(), __rhs_sz);
        -: 4305:    return __r;
        -: 4306:}
        -: 4307:
        -: 4308:template<class _CharT, class _Traits, class _Allocator>
        -: 4309:inline
        -: 4310:basic_string<_CharT, _Traits, _Allocator>
        -: 4311:operator+(const basic_string<_CharT, _Traits, _Allocator>& __lhs, const _CharT* __rhs)
        -: 4312:{
        -: 4313:    basic_string<_CharT, _Traits, _Allocator> __r(__lhs.get_allocator());
        -: 4314:    typename basic_string<_CharT, _Traits, _Allocator>::size_type __lhs_sz = __lhs.size();
        -: 4315:    typename basic_string<_CharT, _Traits, _Allocator>::size_type __rhs_sz = _Traits::length(__rhs);
        -: 4316:    __r.__init(__lhs.data(), __lhs_sz, __lhs_sz + __rhs_sz);
        -: 4317:    __r.append(__rhs, __rhs_sz);
        -: 4318:    return __r;
        -: 4319:}
        -: 4320:
        -: 4321:template<class _CharT, class _Traits, class _Allocator>
        -: 4322:basic_string<_CharT, _Traits, _Allocator>
        -: 4323:operator+(const basic_string<_CharT, _Traits, _Allocator>& __lhs, _CharT __rhs)
        -: 4324:{
        -: 4325:    basic_string<_CharT, _Traits, _Allocator> __r(__lhs.get_allocator());
        -: 4326:    typename basic_string<_CharT, _Traits, _Allocator>::size_type __lhs_sz = __lhs.size();
        -: 4327:    __r.__init(__lhs.data(), __lhs_sz, __lhs_sz + 1);
        -: 4328:    __r.push_back(__rhs);
        -: 4329:    return __r;
        -: 4330:}
        -: 4331:
        -: 4332:#ifndef _LIBCPP_CXX03_LANG
        -: 4333:
        -: 4334:template<class _CharT, class _Traits, class _Allocator>
        -: 4335:inline _LIBCPP_INLINE_VISIBILITY
        -: 4336:basic_string<_CharT, _Traits, _Allocator>
        -: 4337:operator+(basic_string<_CharT, _Traits, _Allocator>&& __lhs, const basic_string<_CharT, _Traits, _Allocator>& __rhs)
        -: 4338:{
        -: 4339:    return _VSTD::move(__lhs.append(__rhs));
        -: 4340:}
        -: 4341:
        -: 4342:template<class _CharT, class _Traits, class _Allocator>
        -: 4343:inline _LIBCPP_INLINE_VISIBILITY
        -: 4344:basic_string<_CharT, _Traits, _Allocator>
        -: 4345:operator+(const basic_string<_CharT, _Traits, _Allocator>& __lhs, basic_string<_CharT, _Traits, _Allocator>&& __rhs)
        -: 4346:{
        -: 4347:    return _VSTD::move(__rhs.insert(0, __lhs));
        -: 4348:}
        -: 4349:
        -: 4350:template<class _CharT, class _Traits, class _Allocator>
        -: 4351:inline _LIBCPP_INLINE_VISIBILITY
        -: 4352:basic_string<_CharT, _Traits, _Allocator>
        -: 4353:operator+(basic_string<_CharT, _Traits, _Allocator>&& __lhs, basic_string<_CharT, _Traits, _Allocator>&& __rhs)
        -: 4354:{
        -: 4355:    return _VSTD::move(__lhs.append(__rhs));
        -: 4356:}
        -: 4357:
        -: 4358:template<class _CharT, class _Traits, class _Allocator>
        -: 4359:inline _LIBCPP_INLINE_VISIBILITY
        -: 4360:basic_string<_CharT, _Traits, _Allocator>
        -: 4361:operator+(const _CharT* __lhs , basic_string<_CharT,_Traits,_Allocator>&& __rhs)
        -: 4362:{
        -: 4363:    return _VSTD::move(__rhs.insert(0, __lhs));
        -: 4364:}
        -: 4365:
        -: 4366:template<class _CharT, class _Traits, class _Allocator>
        -: 4367:inline _LIBCPP_INLINE_VISIBILITY
        -: 4368:basic_string<_CharT, _Traits, _Allocator>
        -: 4369:operator+(_CharT __lhs, basic_string<_CharT,_Traits,_Allocator>&& __rhs)
        -: 4370:{
        -: 4371:    __rhs.insert(__rhs.begin(), __lhs);
        -: 4372:    return _VSTD::move(__rhs);
        -: 4373:}
        -: 4374:
        -: 4375:template<class _CharT, class _Traits, class _Allocator>
        -: 4376:inline _LIBCPP_INLINE_VISIBILITY
        -: 4377:basic_string<_CharT, _Traits, _Allocator>
        -: 4378:operator+(basic_string<_CharT, _Traits, _Allocator>&& __lhs, const _CharT* __rhs)
        -: 4379:{
        -: 4380:    return _VSTD::move(__lhs.append(__rhs));
        -: 4381:}
        -: 4382:
        -: 4383:template<class _CharT, class _Traits, class _Allocator>
        -: 4384:inline _LIBCPP_INLINE_VISIBILITY
        -: 4385:basic_string<_CharT, _Traits, _Allocator>
        -: 4386:operator+(basic_string<_CharT, _Traits, _Allocator>&& __lhs, _CharT __rhs)
        -: 4387:{
        -: 4388:    __lhs.push_back(__rhs);
        -: 4389:    return _VSTD::move(__lhs);
        -: 4390:}
        -: 4391:
        -: 4392:#endif // _LIBCPP_CXX03_LANG
        -: 4393:
        -: 4394:// swap
        -: 4395:
        -: 4396:template<class _CharT, class _Traits, class _Allocator>
        -: 4397:inline _LIBCPP_INLINE_VISIBILITY
        -: 4398:void
        -: 4399:swap(basic_string<_CharT, _Traits, _Allocator>& __lhs,
        -: 4400:     basic_string<_CharT, _Traits, _Allocator>& __rhs)
        -: 4401:     _NOEXCEPT_(_NOEXCEPT_(__lhs.swap(__rhs)))
        -: 4402:{
        -: 4403:    __lhs.swap(__rhs);
        -: 4404:}
        -: 4405:
        -: 4406:_LIBCPP_FUNC_VIS int                stoi  (const string& __str, size_t* __idx = nullptr, int __base = 10);
        -: 4407:_LIBCPP_FUNC_VIS long               stol  (const string& __str, size_t* __idx = nullptr, int __base = 10);
        -: 4408:_LIBCPP_FUNC_VIS unsigned long      stoul (const string& __str, size_t* __idx = nullptr, int __base = 10);
        -: 4409:_LIBCPP_FUNC_VIS long long          stoll (const string& __str, size_t* __idx = nullptr, int __base = 10);
        -: 4410:_LIBCPP_FUNC_VIS unsigned long long stoull(const string& __str, size_t* __idx = nullptr, int __base = 10);
        -: 4411:
        -: 4412:_LIBCPP_FUNC_VIS float       stof (const string& __str, size_t* __idx = nullptr);
        -: 4413:_LIBCPP_FUNC_VIS double      stod (const string& __str, size_t* __idx = nullptr);
        -: 4414:_LIBCPP_FUNC_VIS long double stold(const string& __str, size_t* __idx = nullptr);
        -: 4415:
        -: 4416:_LIBCPP_FUNC_VIS string to_string(int __val);
        -: 4417:_LIBCPP_FUNC_VIS string to_string(unsigned __val);
        -: 4418:_LIBCPP_FUNC_VIS string to_string(long __val);
        -: 4419:_LIBCPP_FUNC_VIS string to_string(unsigned long __val);
        -: 4420:_LIBCPP_FUNC_VIS string to_string(long long __val);
        -: 4421:_LIBCPP_FUNC_VIS string to_string(unsigned long long __val);
        -: 4422:_LIBCPP_FUNC_VIS string to_string(float __val);
        -: 4423:_LIBCPP_FUNC_VIS string to_string(double __val);
        -: 4424:_LIBCPP_FUNC_VIS string to_string(long double __val);
        -: 4425:
        -: 4426:#ifndef _LIBCPP_HAS_NO_WIDE_CHARACTERS
        -: 4427:_LIBCPP_FUNC_VIS int                stoi  (const wstring& __str, size_t* __idx = nullptr, int __base = 10);
        -: 4428:_LIBCPP_FUNC_VIS long               stol  (const wstring& __str, size_t* __idx = nullptr, int __base = 10);
        -: 4429:_LIBCPP_FUNC_VIS unsigned long      stoul (const wstring& __str, size_t* __idx = nullptr, int __base = 10);
        -: 4430:_LIBCPP_FUNC_VIS long long          stoll (const wstring& __str, size_t* __idx = nullptr, int __base = 10);
        -: 4431:_LIBCPP_FUNC_VIS unsigned long long stoull(const wstring& __str, size_t* __idx = nullptr, int __base = 10);
        -: 4432:
        -: 4433:_LIBCPP_FUNC_VIS float       stof (const wstring& __str, size_t* __idx = nullptr);
        -: 4434:_LIBCPP_FUNC_VIS double      stod (const wstring& __str, size_t* __idx = nullptr);
        -: 4435:_LIBCPP_FUNC_VIS long double stold(const wstring& __str, size_t* __idx = nullptr);
        -: 4436:
        -: 4437:_LIBCPP_FUNC_VIS wstring to_wstring(int __val);
        -: 4438:_LIBCPP_FUNC_VIS wstring to_wstring(unsigned __val);
        -: 4439:_LIBCPP_FUNC_VIS wstring to_wstring(long __val);
        -: 4440:_LIBCPP_FUNC_VIS wstring to_wstring(unsigned long __val);
        -: 4441:_LIBCPP_FUNC_VIS wstring to_wstring(long long __val);
        -: 4442:_LIBCPP_FUNC_VIS wstring to_wstring(unsigned long long __val);
        -: 4443:_LIBCPP_FUNC_VIS wstring to_wstring(float __val);
        -: 4444:_LIBCPP_FUNC_VIS wstring to_wstring(double __val);
        -: 4445:_LIBCPP_FUNC_VIS wstring to_wstring(long double __val);
        -: 4446:#endif // _LIBCPP_HAS_NO_WIDE_CHARACTERS
        -: 4447:
        -: 4448:template<class _CharT, class _Traits, class _Allocator>
        -: 4449:_LIBCPP_TEMPLATE_DATA_VIS
        -: 4450:const typename basic_string<_CharT, _Traits, _Allocator>::size_type
        -: 4451:               basic_string<_CharT, _Traits, _Allocator>::npos;
        -: 4452:
        -: 4453:template <class _CharT, class _Allocator>
        -: 4454:struct _LIBCPP_TEMPLATE_VIS
        -: 4455:    hash<basic_string<_CharT, char_traits<_CharT>, _Allocator> >
        -: 4456:    : public unary_function<
        -: 4457:          basic_string<_CharT, char_traits<_CharT>, _Allocator>, size_t>
        -: 4458:{
        -: 4459:    size_t
        -: 4460:    operator()(const basic_string<_CharT, char_traits<_CharT>, _Allocator>& __val) const _NOEXCEPT
        -: 4461:    { return __do_string_hash(__val.data(), __val.data() + __val.size()); }
        -: 4462:};
        -: 4463:
        -: 4464:
        -: 4465:template<class _CharT, class _Traits, class _Allocator>
        -: 4466:basic_ostream<_CharT, _Traits>&
        -: 4467:operator<<(basic_ostream<_CharT, _Traits>& __os,
        -: 4468:           const basic_string<_CharT, _Traits, _Allocator>& __str);
        -: 4469:
        -: 4470:template<class _CharT, class _Traits, class _Allocator>
        -: 4471:basic_istream<_CharT, _Traits>&
        -: 4472:operator>>(basic_istream<_CharT, _Traits>& __is,
        -: 4473:           basic_string<_CharT, _Traits, _Allocator>& __str);
        -: 4474:
        -: 4475:template<class _CharT, class _Traits, class _Allocator>
        -: 4476:basic_istream<_CharT, _Traits>&
        -: 4477:getline(basic_istream<_CharT, _Traits>& __is,
        -: 4478:        basic_string<_CharT, _Traits, _Allocator>& __str, _CharT __dlm);
        -: 4479:
        -: 4480:template<class _CharT, class _Traits, class _Allocator>
        -: 4481:inline _LIBCPP_INLINE_VISIBILITY
        -: 4482:basic_istream<_CharT, _Traits>&
        -: 4483:getline(basic_istream<_CharT, _Traits>& __is,
        -: 4484:        basic_string<_CharT, _Traits, _Allocator>& __str);
        -: 4485:
        -: 4486:template<class _CharT, class _Traits, class _Allocator>
        -: 4487:inline _LIBCPP_INLINE_VISIBILITY
        -: 4488:basic_istream<_CharT, _Traits>&
        -: 4489:getline(basic_istream<_CharT, _Traits>&& __is,
        -: 4490:        basic_string<_CharT, _Traits, _Allocator>& __str, _CharT __dlm);
        -: 4491:
        -: 4492:template<class _CharT, class _Traits, class _Allocator>
        -: 4493:inline _LIBCPP_INLINE_VISIBILITY
        -: 4494:basic_istream<_CharT, _Traits>&
        -: 4495:getline(basic_istream<_CharT, _Traits>&& __is,
        -: 4496:        basic_string<_CharT, _Traits, _Allocator>& __str);
        -: 4497:
        -: 4498:#if _LIBCPP_STD_VER > 17
        -: 4499:template <class _CharT, class _Traits, class _Allocator, class _Up>
        -: 4500:inline _LIBCPP_INLINE_VISIBILITY
        -: 4501:    typename basic_string<_CharT, _Traits, _Allocator>::size_type
        -: 4502:    erase(basic_string<_CharT, _Traits, _Allocator>& __str, const _Up& __v) {
        -: 4503:  auto __old_size = __str.size();
        -: 4504:  __str.erase(_VSTD::remove(__str.begin(), __str.end(), __v), __str.end());
        -: 4505:  return __old_size - __str.size();
        -: 4506:}
        -: 4507:
        -: 4508:template <class _CharT, class _Traits, class _Allocator, class _Predicate>
        -: 4509:inline _LIBCPP_INLINE_VISIBILITY
        -: 4510:    typename basic_string<_CharT, _Traits, _Allocator>::size_type
        -: 4511:    erase_if(basic_string<_CharT, _Traits, _Allocator>& __str,
        -: 4512:             _Predicate __pred) {
        -: 4513:  auto __old_size = __str.size();
        -: 4514:  __str.erase(_VSTD::remove_if(__str.begin(), __str.end(), __pred),
        -: 4515:              __str.end());
        -: 4516:  return __old_size - __str.size();
        -: 4517:}
        -: 4518:#endif
        -: 4519:
        -: 4520:#if _LIBCPP_DEBUG_LEVEL == 2
        -: 4521:
        -: 4522:template<class _CharT, class _Traits, class _Allocator>
        -: 4523:bool
        -: 4524:basic_string<_CharT, _Traits, _Allocator>::__dereferenceable(const const_iterator* __i) const
        -: 4525:{
        -: 4526:    return this->data() <= _VSTD::__to_address(__i->base()) &&
        -: 4527:           _VSTD::__to_address(__i->base()) < this->data() + this->size();
        -: 4528:}
        -: 4529:
        -: 4530:template<class _CharT, class _Traits, class _Allocator>
        -: 4531:bool
        -: 4532:basic_string<_CharT, _Traits, _Allocator>::__decrementable(const const_iterator* __i) const
        -: 4533:{
        -: 4534:    return this->data() < _VSTD::__to_address(__i->base()) &&
        -: 4535:           _VSTD::__to_address(__i->base()) <= this->data() + this->size();
        -: 4536:}
        -: 4537:
        -: 4538:template<class _CharT, class _Traits, class _Allocator>
        -: 4539:bool
        -: 4540:basic_string<_CharT, _Traits, _Allocator>::__addable(const const_iterator* __i, ptrdiff_t __n) const
        -: 4541:{
        -: 4542:    const value_type* __p = _VSTD::__to_address(__i->base()) + __n;
        -: 4543:    return this->data() <= __p && __p <= this->data() + this->size();
        -: 4544:}
        -: 4545:
        -: 4546:template<class _CharT, class _Traits, class _Allocator>
        -: 4547:bool
        -: 4548:basic_string<_CharT, _Traits, _Allocator>::__subscriptable(const const_iterator* __i, ptrdiff_t __n) const
        -: 4549:{
        -: 4550:    const value_type* __p = _VSTD::__to_address(__i->base()) + __n;
        -: 4551:    return this->data() <= __p && __p < this->data() + this->size();
        -: 4552:}
        -: 4553:
        -: 4554:#endif // _LIBCPP_DEBUG_LEVEL == 2
        -: 4555:
        -: 4556:#if _LIBCPP_STD_VER > 11
        -: 4557:// Literal suffixes for basic_string [basic.string.literals]
        -: 4558:inline namespace literals
        -: 4559:{
        -: 4560:  inline namespace string_literals
        -: 4561:  {
        -: 4562:    inline _LIBCPP_INLINE_VISIBILITY
        -: 4563:    basic_string<char> operator "" s( const char *__str, size_t __len )
        -: 4564:    {
        -: 4565:        return basic_string<char> (__str, __len);
        -: 4566:    }
        -: 4567:
        -: 4568:#ifndef _LIBCPP_HAS_NO_WIDE_CHARACTERS
        -: 4569:    inline _LIBCPP_INLINE_VISIBILITY
        -: 4570:    basic_string<wchar_t> operator "" s( const wchar_t *__str, size_t __len )
        -: 4571:    {
        -: 4572:        return basic_string<wchar_t> (__str, __len);
        -: 4573:    }
        -: 4574:#endif
        -: 4575:
        -: 4576:#ifndef _LIBCPP_HAS_NO_CHAR8_T
        -: 4577:    inline _LIBCPP_INLINE_VISIBILITY
        -: 4578:    basic_string<char8_t> operator "" s(const char8_t *__str, size_t __len) _NOEXCEPT
        -: 4579:    {
        -: 4580:        return basic_string<char8_t> (__str, __len);
        -: 4581:    }
        -: 4582:#endif
        -: 4583:
        -: 4584:    inline _LIBCPP_INLINE_VISIBILITY
        -: 4585:    basic_string<char16_t> operator "" s( const char16_t *__str, size_t __len )
        -: 4586:    {
        -: 4587:        return basic_string<char16_t> (__str, __len);
        -: 4588:    }
        -: 4589:
        -: 4590:    inline _LIBCPP_INLINE_VISIBILITY
        -: 4591:    basic_string<char32_t> operator "" s( const char32_t *__str, size_t __len )
        -: 4592:    {
        -: 4593:        return basic_string<char32_t> (__str, __len);
        -: 4594:    }
        -: 4595:  }
        -: 4596:}
        -: 4597:#endif
        -: 4598:
        -: 4599:_LIBCPP_END_NAMESPACE_STD
        -: 4600:
        -: 4601:_LIBCPP_POP_MACROS
        -: 4602:
        -: 4603:#endif // _LIBCPP_STRING
