        -:    0:Source:/Users/ezequielpc/Desktop/Ciencias de la computacion/Primer Año/Algoritmos y Estructuras de Datos I/Labo07/test/puntajeTEST.cpp
        -:    0:Graph:/Users/ezequielpc/Desktop/Ciencias de la computacion/Primer Año/Algoritmos y Estructuras de Datos I/Labo07/cmake-build-debug/CMakeFiles/Labo-testing.dir/test/puntajeTEST.cpp.gcno
        -:    0:Data:/Users/ezequielpc/Desktop/Ciencias de la computacion/Primer Año/Algoritmos y Estructuras de Datos I/Labo07/cmake-build-debug/CMakeFiles/Labo-testing.dir/test/puntajeTEST.cpp.gcda
        -:    0:Runs:1
        -:    0:Programs:1
        -:    1:#include "../src/puntaje.h"
        -:    2:#include "../lib/gtest.h"
        -:    3:
function _ZN52PuntajeTest_puntajeMenorADiezNoDivisiblePorTres_Test8TestBodyEv called 1 returned 100% blocks executed 26%
function _ZN52PuntajeTest_puntajeMenorADiezNoDivisiblePorTres_TestD1Ev called 1 returned 100% blocks executed 100%
function _ZN52PuntajeTest_puntajeMenorADiezNoDivisiblePorTres_TestD0Ev called 1 returned 100% blocks executed 100%
function _ZN52PuntajeTest_puntajeMenorADiezNoDivisiblePorTres_TestC1Ev called 1 returned 100% blocks executed 100%
function _ZN52PuntajeTest_puntajeMenorADiezNoDivisiblePorTres_TestC2Ev called 1 returned 100% blocks executed 100%
function _ZN52PuntajeTest_puntajeMenorADiezNoDivisiblePorTres_TestD2Ev called 1 returned 100% blocks executed 100%
        4:    4:TEST(PuntajeTest, puntajeMenorADiezNoDivisiblePorTres) {
        1:    4-block  0
branch  0 taken 1
branch  1 taken 0
        1:    4-block  1
branch  2 taken 1
branch  3 taken 0
        1:    4-block  2
branch  4 taken 1
branch  5 taken 0
        1:    4-block  3
branch  6 taken 1
branch  7 taken 0
        1:    4-block  4
branch  8 taken 1
branch  9 taken 0
        1:    4-block  5
    $$$$$:    4-block  6
    $$$$$:    4-block  7
    $$$$$:    4-block  8
    $$$$$:    4-block  9
    $$$$$:    4-block 10
    $$$$$:    4-block 11
        1:    4-block 12
        1:    4-block 13
        1:    5:    int n = 7;
        1:    6:    int result = puntaje(n);
        1:    7:    EXPECT_EQ(4, result);
        1:    7-block  0
branch  0 taken 1
branch  1 taken 0
        1:    7-block  1
branch  2 taken 0
branch  3 taken 1
        1:    7-block  2
    $$$$$:    7-block  3
branch  4 never executed
branch  5 never executed
    $$$$$:    7-block  4
branch  6 never executed
branch  7 never executed
    $$$$$:    7-block  5
branch  8 never executed
branch  9 never executed
    $$$$$:    7-block  6
branch 10 never executed
branch 11 never executed
    $$$$$:    7-block  7
    $$$$$:    7-block  8
    $$$$$:    7-block  9
    $$$$$:    7-block 10
    $$$$$:    7-block 11
        1:    8:}
    $$$$$:    8-block  0
    $$$$$:    8-block  1
        1:    8-block  2
        -:    9:
function _ZN50PuntajeTest_puntajeMenorADiezDivisiblePorTres_Test8TestBodyEv called 1 returned 100% blocks executed 26%
function _ZN50PuntajeTest_puntajeMenorADiezDivisiblePorTres_TestD1Ev called 1 returned 100% blocks executed 100%
function _ZN50PuntajeTest_puntajeMenorADiezDivisiblePorTres_TestD0Ev called 1 returned 100% blocks executed 100%
function _ZN50PuntajeTest_puntajeMenorADiezDivisiblePorTres_TestC1Ev called 1 returned 100% blocks executed 100%
function _ZN50PuntajeTest_puntajeMenorADiezDivisiblePorTres_TestC2Ev called 1 returned 100% blocks executed 100%
function _ZN50PuntajeTest_puntajeMenorADiezDivisiblePorTres_TestD2Ev called 1 returned 100% blocks executed 100%
        4:   10:TEST(PuntajeTest, puntajeMenorADiezDivisiblePorTres) {
        1:   10-block  0
branch  0 taken 1
branch  1 taken 0
        1:   10-block  1
branch  2 taken 1
branch  3 taken 0
        1:   10-block  2
branch  4 taken 1
branch  5 taken 0
        1:   10-block  3
branch  6 taken 1
branch  7 taken 0
        1:   10-block  4
branch  8 taken 1
branch  9 taken 0
        1:   10-block  5
    $$$$$:   10-block  6
    $$$$$:   10-block  7
    $$$$$:   10-block  8
    $$$$$:   10-block  9
    $$$$$:   10-block 10
    $$$$$:   10-block 11
        1:   10-block 12
        1:   10-block 13
        1:   11:    int n = 6;
        1:   12:    int result = puntaje(n);
        1:   13:    EXPECT_EQ(22, result);
        1:   13-block  0
branch  0 taken 1
branch  1 taken 0
        1:   13-block  1
branch  2 taken 0
branch  3 taken 1
        1:   13-block  2
    $$$$$:   13-block  3
branch  4 never executed
branch  5 never executed
    $$$$$:   13-block  4
branch  6 never executed
branch  7 never executed
    $$$$$:   13-block  5
branch  8 never executed
branch  9 never executed
    $$$$$:   13-block  6
branch 10 never executed
branch 11 never executed
    $$$$$:   13-block  7
    $$$$$:   13-block  8
    $$$$$:   13-block  9
    $$$$$:   13-block 10
    $$$$$:   13-block 11
        1:   14:}
    $$$$$:   14-block  0
    $$$$$:   14-block  1
        1:   14-block  2
        -:   15:
function _ZN52PuntajeTest_puntajeMayorADiezNoDivisiblePorTres_Test8TestBodyEv called 1 returned 100% blocks executed 23%
function _ZN52PuntajeTest_puntajeMayorADiezNoDivisiblePorTres_TestD1Ev called 1 returned 100% blocks executed 100%
function _ZN52PuntajeTest_puntajeMayorADiezNoDivisiblePorTres_TestD0Ev called 1 returned 100% blocks executed 100%
function _ZN52PuntajeTest_puntajeMayorADiezNoDivisiblePorTres_TestC1Ev called 1 returned 100% blocks executed 100%
function _ZN52PuntajeTest_puntajeMayorADiezNoDivisiblePorTres_TestC2Ev called 1 returned 100% blocks executed 100%
function _ZN52PuntajeTest_puntajeMayorADiezNoDivisiblePorTres_TestD2Ev called 1 returned 100% blocks executed 100%
        4:   16:TEST(PuntajeTest, puntajeMayorADiezNoDivisiblePorTres) {
        1:   16-block  0
branch  0 taken 1
branch  1 taken 0
        1:   16-block  1
branch  2 taken 1
branch  3 taken 0
        1:   16-block  2
branch  4 taken 1
branch  5 taken 0
        1:   16-block  3
branch  6 taken 1
branch  7 taken 0
        1:   16-block  4
branch  8 taken 1
branch  9 taken 0
        1:   16-block  5
    $$$$$:   16-block  6
    $$$$$:   16-block  7
    $$$$$:   16-block  8
    $$$$$:   16-block  9
    $$$$$:   16-block 10
    $$$$$:   16-block 11
        1:   16-block 12
        1:   16-block 13
        1:   17:    int n = 11;
        1:   18:    int result = puntaje(n);
        1:   19:    EXPECT_TRUE(result);
        1:   19-block  0
branch  0 taken 1
branch  1 taken 0
        1:   19-block  1
branch  2 taken 0
branch  3 taken 1
        1:   19-block  2
    $$$$$:   19-block  3
branch  4 never executed
branch  5 never executed
    $$$$$:   19-block  4
branch  6 never executed
branch  7 never executed
    $$$$$:   19-block  5
branch  8 never executed
branch  9 never executed
    $$$$$:   19-block  6
branch 10 never executed
branch 11 never executed
    $$$$$:   19-block  7
    $$$$$:   19-block  8
    $$$$$:   19-block  9
    $$$$$:   19-block 10
    $$$$$:   19-block 11
    $$$$$:   19-block 12
        1:   20:}
    $$$$$:   20-block  0
    $$$$$:   20-block  1
    $$$$$:   20-block  2
        1:   20-block  3
        -:   21:
function _ZN50PuntajeTest_puntajeMayorADiezDivisiblePorTres_Test8TestBodyEv called 1 returned 100% blocks executed 26%
function _ZN50PuntajeTest_puntajeMayorADiezDivisiblePorTres_TestD1Ev called 1 returned 100% blocks executed 100%
function _ZN50PuntajeTest_puntajeMayorADiezDivisiblePorTres_TestD0Ev called 1 returned 100% blocks executed 100%
function _ZN50PuntajeTest_puntajeMayorADiezDivisiblePorTres_TestC1Ev called 1 returned 100% blocks executed 100%
function _ZN50PuntajeTest_puntajeMayorADiezDivisiblePorTres_TestC2Ev called 1 returned 100% blocks executed 100%
function _ZN50PuntajeTest_puntajeMayorADiezDivisiblePorTres_TestD2Ev called 1 returned 100% blocks executed 100%
        4:   22:TEST(PuntajeTest, puntajeMayorADiezDivisiblePorTres) {
        1:   22-block  0
branch  0 taken 1
branch  1 taken 0
        1:   22-block  1
branch  2 taken 1
branch  3 taken 0
        1:   22-block  2
branch  4 taken 1
branch  5 taken 0
        1:   22-block  3
branch  6 taken 1
branch  7 taken 0
        1:   22-block  4
branch  8 taken 1
branch  9 taken 0
        1:   22-block  5
    $$$$$:   22-block  6
    $$$$$:   22-block  7
    $$$$$:   22-block  8
    $$$$$:   22-block  9
    $$$$$:   22-block 10
    $$$$$:   22-block 11
        1:   22-block 12
        1:   22-block 13
        1:   23:    int n = 15;
        1:   24:    int result = puntaje(n);
        1:   25:    EXPECT_EQ(25, result);
        1:   25-block  0
branch  0 taken 1
branch  1 taken 0
        1:   25-block  1
branch  2 taken 0
branch  3 taken 1
        1:   25-block  2
    $$$$$:   25-block  3
branch  4 never executed
branch  5 never executed
    $$$$$:   25-block  4
branch  6 never executed
branch  7 never executed
    $$$$$:   25-block  5
branch  8 never executed
branch  9 never executed
    $$$$$:   25-block  6
branch 10 never executed
branch 11 never executed
    $$$$$:   25-block  7
    $$$$$:   25-block  8
    $$$$$:   25-block  9
    $$$$$:   25-block 10
    $$$$$:   25-block 11
        1:   26:}
    $$$$$:   26-block  0
    $$$$$:   26-block  1
        1:   26-block  2
