        -:    0:Source:/Users/ezequielpc/Desktop/Ciencias de la computacion/Primer Año/Algoritmos y Estructuras de Datos I/Labo07/test/sandiaTEST.cpp
        -:    0:Graph:/Users/ezequielpc/Desktop/Ciencias de la computacion/Primer Año/Algoritmos y Estructuras de Datos I/Labo07/cmake-build-debug/CMakeFiles/Labo-testing.dir/test/sandiaTEST.cpp.gcno
        -:    0:Data:/Users/ezequielpc/Desktop/Ciencias de la computacion/Primer Año/Algoritmos y Estructuras de Datos I/Labo07/cmake-build-debug/CMakeFiles/Labo-testing.dir/test/sandiaTEST.cpp.gcda
        -:    0:Runs:1
        -:    0:Programs:1
        -:    1:#include "../src/sandia.h"
        -:    2:#include "../lib/gtest.h"
        -:    3:
function _ZN30SandiaTest_PorcionesPares_Test8TestBodyEv called 1 returned 100% blocks executed 23%
function _ZN30SandiaTest_PorcionesPares_TestD1Ev called 1 returned 100% blocks executed 100%
function _ZN30SandiaTest_PorcionesPares_TestD0Ev called 1 returned 100% blocks executed 100%
function _ZN30SandiaTest_PorcionesPares_TestC1Ev called 1 returned 100% blocks executed 100%
function _ZN30SandiaTest_PorcionesPares_TestC2Ev called 1 returned 100% blocks executed 100%
function _ZN30SandiaTest_PorcionesPares_TestD2Ev called 1 returned 100% blocks executed 100%
        4:    4:TEST(SandiaTest, PorcionesPares) {
        1:    4-block  0
branch  0 taken 1
branch  1 taken 0
        1:    4-block  1
branch  2 taken 1
branch  3 taken 0
        1:    4-block  2
branch  4 taken 1
branch  5 taken 0
        1:    4-block  3
branch  6 taken 1
branch  7 taken 0
        1:    4-block  4
branch  8 taken 1
branch  9 taken 0
        1:    4-block  5
    $$$$$:    4-block  6
    $$$$$:    4-block  7
    $$$$$:    4-block  8
    $$$$$:    4-block  9
    $$$$$:    4-block 10
    $$$$$:    4-block 11
        1:    4-block 12
        1:    4-block 13
        1:    5:    int n = 6;
        1:    6:    bool result = sandia(n);
        1:    7:    EXPECT_TRUE(result);
        1:    7-block  0
branch  0 taken 1
branch  1 taken 0
        1:    7-block  1
branch  2 taken 0
branch  3 taken 1
        1:    7-block  2
    $$$$$:    7-block  3
branch  4 never executed
branch  5 never executed
    $$$$$:    7-block  4
branch  6 never executed
branch  7 never executed
    $$$$$:    7-block  5
branch  8 never executed
branch  9 never executed
    $$$$$:    7-block  6
branch 10 never executed
branch 11 never executed
    $$$$$:    7-block  7
    $$$$$:    7-block  8
    $$$$$:    7-block  9
    $$$$$:    7-block 10
    $$$$$:    7-block 11
    $$$$$:    7-block 12
        1:    8:}
    $$$$$:    8-block  0
    $$$$$:    8-block  1
    $$$$$:    8-block  2
        1:    8-block  3
        -:    9:
function _ZN32SandiaTest_PorcionesImpares_Test8TestBodyEv called 1 returned 100% blocks executed 23%
function _ZN32SandiaTest_PorcionesImpares_TestD1Ev called 1 returned 100% blocks executed 100%
function _ZN32SandiaTest_PorcionesImpares_TestD0Ev called 1 returned 100% blocks executed 100%
function _ZN32SandiaTest_PorcionesImpares_TestC1Ev called 1 returned 100% blocks executed 100%
function _ZN32SandiaTest_PorcionesImpares_TestC2Ev called 1 returned 100% blocks executed 100%
function _ZN32SandiaTest_PorcionesImpares_TestD2Ev called 1 returned 100% blocks executed 100%
        4:   10:TEST(SandiaTest, PorcionesImpares) {
        1:   10-block  0
branch  0 taken 1
branch  1 taken 0
        1:   10-block  1
branch  2 taken 1
branch  3 taken 0
        1:   10-block  2
branch  4 taken 1
branch  5 taken 0
        1:   10-block  3
branch  6 taken 1
branch  7 taken 0
        1:   10-block  4
branch  8 taken 1
branch  9 taken 0
        1:   10-block  5
    $$$$$:   10-block  6
    $$$$$:   10-block  7
    $$$$$:   10-block  8
    $$$$$:   10-block  9
    $$$$$:   10-block 10
    $$$$$:   10-block 11
        1:   10-block 12
        1:   10-block 13
        1:   11:    int n = 9;
        1:   12:    bool result = sandia(n);
        1:   13:    EXPECT_FALSE(result);
        1:   13-block  0
branch  0 taken 1
branch  1 taken 0
        1:   13-block  1
branch  2 taken 0
branch  3 taken 1
        1:   13-block  2
    $$$$$:   13-block  3
branch  4 never executed
branch  5 never executed
    $$$$$:   13-block  4
branch  6 never executed
branch  7 never executed
    $$$$$:   13-block  5
branch  8 never executed
branch  9 never executed
    $$$$$:   13-block  6
branch 10 never executed
branch 11 never executed
    $$$$$:   13-block  7
    $$$$$:   13-block  8
    $$$$$:   13-block  9
    $$$$$:   13-block 10
    $$$$$:   13-block 11
    $$$$$:   13-block 12
        1:   14:}
    $$$$$:   14-block  0
    $$$$$:   14-block  1
    $$$$$:   14-block  2
        1:   14-block  3
