        -:    0:Source:/Users/ezequielpc/Desktop/Ciencias de la computacion/Primer Año/Algoritmos y Estructuras de Datos I/Labo07/src/sandia.cpp
        -:    0:Graph:/Users/ezequielpc/Desktop/Ciencias de la computacion/Primer Año/Algoritmos y Estructuras de Datos I/Labo07/cmake-build-debug/CMakeFiles/Labo-testing.dir/src/sandia.cpp.gcno
        -:    0:Data:/Users/ezequielpc/Desktop/Ciencias de la computacion/Primer Año/Algoritmos y Estructuras de Datos I/Labo07/cmake-build-debug/CMakeFiles/Labo-testing.dir/src/sandia.cpp.gcda
        -:    0:Runs:1
        -:    0:Programs:1
        -:    1:#include "sandia.h"
        -:    2:
function _Z6sandiai called 2 returned 100% blocks executed 100%
        2:    3:bool sandia(int porciones) {
        2:    4:	if(porciones % 2 == 0){
        2:    4-block  0
branch  0 taken 1
branch  1 taken 1
        1:    5:        return true;
        1:    5-block  0
        -:    6:    } else {
        1:    7:        return false;
        1:    7-block  0
        -:    8:    }
        2:    9:}
        2:    9-block  0
