        -:    0:Source:/Users/ezequielpc/Desktop/Ciencias de la computacion/Primer Año/Algoritmos y Estructuras de Datos I/Labo07/src/sopaDeLetras.cpp
        -:    0:Graph:/Users/ezequielpc/Desktop/Ciencias de la computacion/Primer Año/Algoritmos y Estructuras de Datos I/Labo07/cmake-build-debug/CMakeFiles/Labo-testing.dir/src/sopaDeLetras.cpp.gcno
        -:    0:Data:/Users/ezequielpc/Desktop/Ciencias de la computacion/Primer Año/Algoritmos y Estructuras de Datos I/Labo07/cmake-build-debug/CMakeFiles/Labo-testing.dir/src/sopaDeLetras.cpp.gcda
        -:    0:Runs:1
        -:    0:Programs:1
        -:    1:#include "sopaDeLetras.h"
        -:    2:
function _Z12sopaDeLetrasNSt3__16vectorINS0_IcNS_9allocatorIcEEEENS1_IS3_EEEE called 0 returned 0% blocks executed 0%
    #####:    3:int sopaDeLetras(vector<vector<char>> m){
    #####:    4:    return 0;
    $$$$$:    4-block  0
        -:    5:    // Borrar el return dummy y completar
        -:    6:}
        -:    7:
